version: 1
creator: callgrind-3.11.0
pid: 16217
cmd:  ./complex
part: 1


desc: I1 cache: 32768 B, 64 B, 8-way associative
desc: D1 cache: 32768 B, 64 B, 8-way associative
desc: LL cache: 6291456 B, 64 B, 12-way associative

desc: Timerange: Basic block 0 - 700078069
desc: Trigger: Program termination

positions: line
events: Ir Dr Dw I1mr D1mr D1mw ILmr DLmr DLmw
summary: 2848866982 850164071 500061802 957 8426 26563719 948 7577 3128680


ob=(3) /lib/x86_64-linux-gnu/libc-2.23.so
fl=(74) /build/glibc-t3gR2i/glibc-2.23/stdlib/random_r.c
fn=(300) random_r
357 200000000 0 0 1 0 0 1
+5 50000000 50000000 0 0 1
-2 50000000 50000000
+2 100000000
+9 50000000 50000000
+1 50000000 50000000
+1 50000000 50000000 0 0 1
+3 100000000 100000000 0 0 2 0 0 2
+3 50000000
-3 50000000 0 50000000
+2 50000000
+2 50000000
-2 50000000 0 50000000
+5 50000000
-3 50000000
-20 48387097
+31 48387097 0 48387097
-31 48387097 0 0 1 0 0 1
+34 48387097
-2 96774194 48387097 48387097
-32 1612903
+32 1612903 0 1612903
-1 1612903 0 1612903
+3 3225806 1612903

fl=(89) /build/glibc-t3gR2i/glibc-2.23/misc/../sysdeps/unix/sysv/linux/x86_64/brk.c
fn=(362) brk
31 16 2 2 1 0 0 1
+8 2
-6 4 0 0 1 0 0 1
+7 2 2

fl=(97) /build/glibc-t3gR2i/glibc-2.23/nptl/unregister-atfork.c
fn=(410) __unregister_atfork
28 4 0 2 1 0 0 1
+8 1 1
+3 2
+82 3 3

fl=(80) /build/glibc-t3gR2i/glibc-2.23/libio/filedoalloc.c
fn=(326) _IO_file_doallocate
95 5 0 3 1 0 0 1
+15 6 3 1 0 0 1 0 0 1
cfi=(78) /build/glibc-t3gR2i/glibc-2.23/libio/fileops.c
cfn=(328) _IO_file_stat
calls=1 1229 
* 14 2 0 2 0 0 2
* 2
+2 4 1 0 0 1 0 0 1
+11 3 1 0 1 0 0 1
+4 2 0 1
cob=(2) ???
cfi=(16) ???
cfn=(332) 0x000000000d1108a0
calls=1 0 
* 59334 14367 473 78 1156 63 78 1144 57
* 1
+2 1
-1 2
+2 4 0 1
cfi=(79) /build/glibc-t3gR2i/glibc-2.23/libio/genops.c
cfn=(364) _IO_setb
calls=1 380 
* 18 4 4 1 2 0 1
+1 1
+1 5 4 0 0 1
-15 1 1 0 1 0 0 1
-2 9
+5 2 0 1

fl=(68) /build/glibc-t3gR2i/glibc-2.23/stdlib/cxa_atexit.c
fn=(268) __new_exitfn
73 2 0 2 1 0 0 1
+6 1
-6 1
+6 1
-6 1
+6 4 1 1 1 1 1 1 1 1
+2 6 1 0 0 1
+2 3 1 0 1 1 0 1
-2 1 1 0 1 0 0 1
+10 2 0 1
-10 2
+45 1 0 1 1 0 0 1
+1 1 0 1 0 0 1 0 0 1
+3 4 1 1
+3 5 3
-21 1 0 0 1 0 0 1
+1 2 0 1 1 0 0 1

fn=(266) __cxa_atexit
57 5 0 3 1 0 0 1
-22 1
+22 1
-22 1 0 1
cfn=(268)
calls=1 +38 
* 38 8 8 7 3 2 7 1 2
+2 2
+4 1
+3 1 0 1
+1 1 0 1
-4 2 1
+2 1 0 1
+4 1 0 1 1 0 0 1
+1 1
+11 4 4

fl=(73) /build/glibc-t3gR2i/glibc-2.23/stdlib/random.c
fn=(298) random
288 50000000 0 0 1 0 0 1
+3 300000000 50000000 50000000 0 0 1 0 0 1
+2 150000000 0 50000000 1 0 0 1
cfi=(74)
cfn=(300)
calls=50000000 +64 
* 1298387097 400000000 200000000 2 4 0 2 2
+2 200000000 50000000 50000000
+2 50000000 50000000 0 1 0 0 1
+1 100000000 50000000

fl=(55) /build/glibc-t3gR2i/glibc-2.23/csu/../csu/init-first.c
fn=(226) _init
52 8 0 4 1 0 0 1
+6 3 1 0 1 0 0 1
+14 1 1
fi=(57) /build/glibc-t3gR2i/glibc-2.23/csu/../sysdeps/unix/sysv/linux/x86_64/init-first.c
-36 1
fe=(55)
+34 1 0 1 0 0 1 0 0 1
+1 1 0 1 0 0 1 0 0 1
fi=(57)
-35 3 0 2 1 0 0 1
fe=(55)
+36 1 0 1 0 0 1 0 0 1
fi=(57)
-36 3 0 1
fi=(56) /build/glibc-t3gR2i/glibc-2.23/csu/../sysdeps/generic/dl-hash.h
+12 3
+14 4
-17 3 1
+3 9
+14 12
-17 9 3
fi=(57)
-9 3 0 0 1 0 0 1
+2 2
-2 1 0 1
+2 2 0 1
cfi=(48) /build/glibc-t3gR2i/glibc-2.23/elf/../sysdeps/unix/sysv/linux/dl-vdso.c
cfn=(182) _dl_vdso_vsym
calls=1 -11 
* 6 3
+1 2
+5 2
-3 2 1 0 1 0 0 1
+1 1 0 1
+2 1 0 1
cfi=(48)
cfn=(182)
calls=1 -17 
* 6 3
fe=(55)
+42 3
fi=(57)
-41 2 1
+1 1 0 1
fe=(55)
+40 1 0 1
cfi=(58) /build/glibc-t3gR2i/glibc-2.23/misc/init-misc.c
cfn=(232) __init_misc
calls=1 -55 
* 48 9 5 4 3 0 4
+8 1 0 1
cfi=(60) /build/glibc-t3gR2i/glibc-2.23/ctype/ctype-info.c
cfn=(236) __ctype_init
calls=1 -63 
* 16 10 3 2 3 0 2
+5 6 5
-34 1 1 0 1 0 0 1
-7 1 0 1 0 0 1 0 0 1
+7 4 3
fi=(57)
-25 2 0 0 1 0 0 1
fe=(55)

fl=(79)
fn=(324) _IO_doallocbuf
395 2 1 0 1 0 0 1
-1 3 0 3 0 0 1 0 0 1
+3 4 1
+1 3 2 1 1 1 0 1 1
cfi=(80)
cfn=(326)
calls=1 95 
* 59414 14383 484 84 1160 64 84 1145 58
* 2
+3 4 4 0 0 1

fn=(368) _IO_default_xsputn
425 2 0 0 1 0 0 1
-3 10 0 5 1 0 0 1
+8 32 16
+25 51 21 7 1 2 0 1
cfi=(78)
cfn=(322) _IO_file_overflow@@GLIBC_2.2.5
calls=7 808 
* 231 63 35
* 14
+2 7
-2 14
+4 1 0 0 1 0 0 1
+1 1 1
-1 1
+1 5 5

fn=(422) _IO_cleanup
948 2 0 2 1 0 0 1
+3 1
-3 2 0 2
-50 1 1
+50 1
+3 1 0 1
cfn=(424) _IO_flush_all_lockp
calls=1 760 
* 90 25 12 9 7 0 9 7
-63 1 1
+63 1
-63 2
+10 3 1 2 1 0 0 1
+8 5 2
+2 2 0 1
+2 1 1
+1 1 0 1
-1 1 0 1 1 0 0 1
+2 2 1 1
+3 5 2 1
cfi=(78)
cfn=(426) _IO_file_setbuf@@GLIBC_2.2.5
calls=1 450 
* 66 17 24 9 0 0 9
+2 3 1
+4 2
+7 3 0 3
-40 9 3
+2 6 3 0 1 1 0 1 1
+2 7 2
+6 12 3 1 1 0 0 1
+65 7 5
-42 3 1 0 1 0 0 1
+1 8 1 3 1 0 0 1

fn=(428) _IO_default_setbuf
522 4 0 3 1 0 0 1
+1 1 1
-1 2 0 0 1 0 0 1
+1 1 1 1
cfi=(78)
cfn=(430) _IO_file_sync@@GLIBC_2.2.5
calls=1 868 
* 13 6 2 3 0 0 3
* 2
+9 1 1
-7 1
+7 1
-7 1
388 1
-5 1 0 1
+1 1 0 1
+4 1 0 1 1 0 0 1
535 1 0 1
+2 1
-2 2 0 2
+1 3 0 3
+2 4 4
381 1 1 0 1 0 0 1
527 1
+1 1
-1 1 0 1
+1 1
381 4

fn=(424)
760 8 0 6 1 0 0 1
+6 3 0 0 1 0 0 1
+11 2 1
+16 2
-17 2
-1 2 0 2
+1 3 0 0 1 0 0 1
-1 1 0 1
+1 1
+3 9 3 0 1 1 0 1 1
+10 6 0 0 1 0 0 1
+4 3 3 0 1 0 0 1
-2 3 0 3 1 0 0 1
+2 6
+7 3 3 0 0 2 0 0 2
-27 6
+31 2
+2 2
+4 9 7
-38 1 1 0 1 1 0 1 1
-6 1
+5 1 1 0 0 1 0 0 1
+2 2
+6 12 6 0 1 2 0 1 2

fn=(364)
380 3 0 1 1 0 0 1
+1 4 2 0 0 2
+3 1 0 1
+2 4
-3 1 0 1
+3 2 0 1
+3 3 2

fl=(52) ???
fn=(196) memcpy@GLIBC_2.2.5
0 11 3 0 2 0 0 2

fl=(63) /build/glibc-t3gR2i/glibc-2.23/elf/dl-altinit.c
fn=(246) dlinit_alt
33 3 2 0 1 0 0 1
+1 1 1

fl=(85) /build/glibc-t3gR2i/glibc-2.23/elf/dl-addr.c
fn=(342) _dl_addr
126 9 0 6 1 0 0 1
+5 1 1 0 0 1 0 0 1
-5 2 0 2 1 0 1 1 0 1
+5 2 1 1 0 1 0 0 1
cob=(1) /lib/x86_64-linux-gnu/ld-2.23.so
cfi=(2) /build/glibc-t3gR2i/glibc-2.23/elf/rtld.c
cfn=(50) rtld_lock_default_lock_recursive
calls=1 688 
* 2 1 1 0 0 1 0 0 1
+2 2 0 1
cob=(1)
cfi=(65) /build/glibc-t3gR2i/glibc-2.23/elf/../sysdeps/x86_64/dl-trampoline.h
cfn=(259) _dl_runtime_resolve_avx'2
calls=1 -69 
* 1190 321 114 8 37 16 8 37 16
* 5 3 2 2 2 0 2 2
+2 2
30 1 1
+1 1 1
-1 1 0 1
+1 1 0 1
+3 2 1 0 1 0 0 1
+5 1 1
+6 1 1 0 0 1 0 0 1
-7 1 1
+2 2 2
+2 1 1 0 0 1 0 0 1
-2 1 0 1
+2 1 1
+3 1
+5 8 2 0 1 0 0 1
+2 1 1 0 0 1 0 0 1
+1 2
-1 1010 1010 0 0 63 0 0 61
+1 2020
+2 3628 907
+9 2010 646 0 0 78 0 0 78
+7 24
-2 24
+2 2259 24
-2 2211
+2 5750 2211 0 0 139 0 0 139
-10 11175 2235 0 1 483 0 1 483
+2 8940 2235
+1 14318 4464 0 1 277 0 1 277
+7 1011 0 0 1 0 0 1
-21 2022
+49 3 1 0 0 1
+1 1 0 1 0 0 1
+1 3 1
+3 2
+37 2 1 1 1 1 0 1
cob=(1)
cfi=(2)
cfn=(52) rtld_lock_default_unlock_recursive
calls=1 694 
* 2 1 1 0 0 1
+3 9 7 0 0 1
-28 1 0 1 1 0 0 1
+1 1 0 1
+21 2

fl=(69) /build/glibc-t3gR2i/glibc-2.23/setjmp/../sysdeps/x86_64/bsd-_setjmp.S
fn=(284) _setjmp
30 1 0 0 1 0 0 1
+2 1
cfi=(70) /build/glibc-t3gR2i/glibc-2.23/setjmp/../sysdeps/x86_64/setjmp.S
cfn=(286) __sigsetjmp
calls=1 -6 
* 28 6 10 3 0 0 3

fl=(71) /build/glibc-t3gR2i/glibc-2.23/setjmp/sigjmp.c
fn=(288) __sigjmp_save
28 1
+1 1
-1 2 0 1
+1 2 0 1
+5 3 2

fl=(91) /build/glibc-t3gR2i/glibc-2.23/string/../sysdeps/x86_64/memcpy.S
fn=(372) __GI_mempcpy
61 2 0 0 1 0 0 1
+4 2
+3 2
+1 2
+2 1 1
+1 1 0 1
+2 1
+1 1
+5 1
+1 1
-1 1
+1 1
+11 2
+1 2
+11 2
+1 2
+2 1 1 0 1 0 0 1
+1 1 0 1
+2 1
+1 2
+5 1
+1 1
-1 1
+1 1
+21 2
+4 2 2

fl=(48)
fn=(182)
27 8 8 0 1 1 0 1
+4 8
-3 8 4 0 1 0 0 1

fl=(87) /build/glibc-t3gR2i/glibc-2.23/malloc/morecore.c
fn=(358) __default_morecore
46 2 0 0 1 0 0 1
+1 2 0 2
cfi=(88) /build/glibc-t3gR2i/glibc-2.23/misc/sbrk.c
cfn=(360) sbrk
calls=2 -13 
* 73 18 10 5 3 1 5 2
+1 6
+4 4 2

fl=(98) /build/glibc-t3gR2i/glibc-2.23/posix/../sysdeps/unix/sysv/linux/_exit.c
fn=(432) _Exit
27 2 1 0 1 0 0 1
+4 1
+2 2

fl=(78)
fn=(374) _IO_file_write@@GLIBC_2.2.5
1258 1
-2 6 0 5
+2 4 0 0 1 0 0 1
+4 2
+1 2 1 0 0 1
+10 3 1
+3 6 6
-13 4 1 1 1 0 0 1
cfi=(92) /build/glibc-t3gR2i/glibc-2.23/io/../sysdeps/unix/syscall-template.S
cfn=(376) write
calls=1 84 
* 7 2 0 1 0 0 1
+1 2 0 0 1 0 0 1
+5 1
+1 1
-12 5

fn=(430)
868 1 0 1 1 0 0 1
+5 1 1
-5 1
+5 3 1 0 1 0 0 1
+2 1 1
+1 2 1
+17 2 0 1 1 0 0 1
+4 2 2

fn=(320) _IO_file_xsputn@@GLIBC_2.2.5
1287 3 0 0 1 0 0 1
-1 6
-6 30 0 18 1 0 1 1 0 1
+13 12 3
+17 4 2 0 0 1 0 0 1
+4 2
+5 8 0 2
cfi=(91)
cfn=(372)
calls=2 61 
* 37 4 2 2 0 0 2
* 2 0 2
+6 2
-1 2
+1 4
+2 4
+27 6
+1 24 21 0 0 1
-24 5 2 1 2 1 0 2 1
cfn=(322)
calls=1 808 
* 59486 14402 502 95 1163 65 95 1146 59
* 2
+6 4 4
+1 6
+2 6
+11 4
+1 4 0 1 1 0 0 1
cfi=(79)
cfn=(368)
calls=1 425 
* 369 106 47 4 2 0 4
* 2
-57 6 4
+1 4
+3 6
+2 28 9
-2 18 0 0 1 0 0 1
+39 8 0 0 1 0 0 1
-35 1 0 0 1 0 0 1
+11 5
+17 4 2 1 1 0 0 1
cfn=(322)
calls=1 808 
* 116 31 20 7 2 0 7
* 2 0 0 1 0 0 1

fn=(322)
808 27 9 0 1 0 0 1
+7 9
-8 45 0 27 1 0 0 1
+8 41 16
+35 18
+3 14 7
+3 21 0 14
+1 21 7
+1 28
+4 7
+1 28 28
-45 2 1 0 1 0 0 1
+12 2
+9 4 2 0 1 0 0 1
+8 1 1 0 0 1
-4 1 0 1
+3 2
-2 2 0 2
-3 1 0 1
+1 2 0 1
+5 1
-1 1 0 1
+1 3
+1 2 0 1 1 0 0 1
+3 4 0 0 1 0 0 1
+12 6 6
-12 2
cfn=(366) _IO_do_write@@GLIBC_2.2.5
calls=2 494 
* 98 26 17 8 2 0 8
-31 2 0 1 1 0 0 1
cfi=(79)
cfn=(324)
calls=1 395 
* 59432 14391 488 86 1162 65 86 1146 59
+1 6 2 3 1 0 0 1

fn=(366)
494 6 0 0 1 0 0 1
+1 1 1
-3 8 0 4
+11 2 1
+7 4 2 0 1 0 0 1
+8 5 2 1 1 1 0 1
cfn=(374)
calls=1 1258 
* 44 11 6 4 1 0 4
* 1
+1 5 1
+6 1 1
-4 1 1
+4 1
-4 3 0 3
+1 2 0 2
+3 1
-2 1 0 1
-29 4
+1 6 5
+29 2 1 0 1 0 0 1

fn=(328)
1229 1 0 0 1 0 0 1
+1 3 1
cfi=(81) /build/glibc-t3gR2i/glibc-2.23/io/../sysdeps/unix/sysv/linux/wordsize-64/fxstat.c
cfn=(330) _fxstat
calls=1 34 
* 10 1 0 1 0 0 1

fn=(426)
450 2 0 1 1 0 0 1
+1 1 0 1
cfi=(79)
cfn=(428)
calls=1 +71 
* 51 14 16 7 0 0 7
* 2
+4 2 1 1 1 0 0 1
-1 2 0 2
+2 3 0 3
+2 1
+1 2 2

fl=(75) /build/glibc-t3gR2i/glibc-2.23/stdio-common/printf.c
fn=(314) printf
28 8 0 5 1 0 0 1
+4 1 0 0 1 0 0 1
+1 2
-1 5 0 4 1 0 0 1
+1 3 2 1 0 2 0 0 2
cfi=(76) /build/glibc-t3gR2i/glibc-2.23/stdio-common/vfprintf.c
cfn=(316) vfprintf
calls=1 1236 
* 60704 14698 683 167 1191 72 167 1162 65
+4 2 1 0 1 1

fl=(59) /build/glibc-t3gR2i/glibc-2.23/string/../sysdeps/x86_64/strrchr.S
fn=(234) rindex
24 1 0 0 1 0 0 1
+1 1
+1 1
+1 1
+1 1
+1 1
+1 1
+1 1
+1 1 1 0 0 1
+1 1
+1 1 0 0 1 0 0 1
+1 1
+1 1
+1 1
+1 1
+1 1
+1 1
+1 1
+1 1
+1 1
+1 1
+1 1
+1 1
+1 1 1

fl=(67) /build/glibc-t3gR2i/glibc-2.23/csu/../csu/libc-start.c
fn=(264) (below main)
134 7 0 5 1 0 0 1
+4 1 1
-4 3 0 3
+4 3
+82 1 0 0 1 0 0 1
-82 1 0 1
+82 1
+1 4 0 1
cfi=(68)
cfn=(266)
calls=1 57 
* 60 13 16 9 3 2 9 1 2
+22 4 2
+3 2
+1 5 4 1
cob=(5) /home/francisco/MEGA/3-Ano-2-Semestre/PSIS/git/pombal/labs/Lab_2/VI/complex
cfi=(64) ???
cfn=(270) __libc_csu_init
calls=1 0 
* 56 13 9 6 1 0 6
+4 4 2 0 1 0 0 1
+15 2
+12 2 0 1
cfi=(69)
cfn=(284)
calls=1 30 
* 30 6 10 4 0 0 4
+1 2
+5 2 1 1 0 1
+1 2 1 1 0 1
+3 2 0 1
+3 6 5 1
cob=(5)
cfi=(72) /home/francisco/MEGA/3-Ano-2-Semestre/PSIS/git/pombal/labs/Lab_2/VI/complex.c
cfn=(290) main
calls=1 49 
* 2848774683 850140216 500050937 188 7199 26563219 187 6514 3128211
+34 2 0 1 1 0 0 1
cfi=(93) /build/glibc-t3gR2i/glibc-2.23/stdlib/exit.c
cfn=(380) exit
calls=1 104 
* 900 248 145 61 42 8 60 29 3
138 2 0 0 1 0 0 1

fl=(58)
fn=(232)
31 2 0 0 1 0 0 1
-1 3 0 2
+1 4 1
+2 3 0 1 1 0 0 1
cfi=(59)
cfn=(234)
calls=1 -9 
* 24 2 0 2 1 0 2
+4 5 1 1 0 1
+1 3 2 1 0 1
+2 4 3

fl=(92)
fn=(376)
84 2 1 0 1 0 0 1
cfn=(378) __write_nocancel
calls=1 * 
* 5 1

fn=(378)
84 5 1

fl=(76)
fn=(316)
1236 8 0 6 2 0 0 2
+31 3 2 1 0 2 1 0 2 1
+8 4 1 1 0 1 0 0 1
+4 5 1 0 0 1 0 0 1
+11 5 0 0 1 0 0 1
+11 1 1
fi=(99) /build/glibc-t3gR2i/glibc-2.23/stdio-common/printf-parse.h
108 3 0 1
fe=(76)
1316 1
-15 5 2 3 1 0 1 1 0 1
fi=(99)
108 1 0 1 0 0 1 0 0 1
cfi=(77) /build/glibc-t3gR2i/glibc-2.23/string/../sysdeps/x86_64/strchr.S
cfn=(318) strchrnul
calls=1 -84 
* 20 2 0 2 1 0 2 1
fe=(76)
1316 1 1
fi=(99)
108 1
fe=(76)
1312 1 0 1
+4 2
+4 8 2 2 1 1 0 1 1
cfi=(78)
cfn=(320)
calls=1 -33 
* 59913 14522 557 105 1168 66 105 1148 60
* 4 1 0 0 1
1685 5 2 1
+3 1
+1 8 7
1316 6 2 2 2 1 0 2 1
+1 14 5 3 1 3 0 1 3
1685 5 1 2 1 0 0 1
+1 2
1320 2 0 0 1 0 0 1
+4 1 1 0 1 1 0 1
-4 1
+4 2 1
+4 12 3 5 3 2 0 3 1
1552 2 0 1 0 0 1 0 0 1
-21 2 0 1 0 0 1 0 0 1
1632 2 0 1
-1 2 0 1
1370 15 3 1 1 2 0 1 2
-7 1 0 1 1 0 0 1
-1 1 0 1
-3 1 0 1
-1 1 0 1
+8 1
+4 1
-3 1 1
-10 1 0 1
-1 1 0 1
-1 1 0 1 1 0 0 1
-1 1 0 1
-1 1 0 1
+14 1
-15 1 0 1
-1 1 0 1
-1 1 0 1 1 0 0 1
-1 1 0 1
+18 2 0 1
1649 1 0 1 1 0 0 1
+2 2
+8 1 1 0 1 0 0 1
fi=(99)
108 2 0 1
fe=(76)
1659 1
fi=(99)
108 1
fe=(76)
1659 1 0 1
fi=(99)
108 2 0 2
cfi=(77)
cfn=(318)
calls=1 -84 
* 20 2 0 0 1
fe=(76)
1663 1 1
-4 1 0 1
+4 11 3 3 1 0 0 1
cfi=(78)
cfn=(320)
calls=1 1287 
* 211 48 30 10 2 0 10
* 13 3 0 1 0 0 1
+2 3 1
-34 59 22 11 8 2 0 8
cfi=(78)
cfn=(320)
calls=1 1287 
* 108 20 9 3 0 0 3
* 10 3 0 1 0 0 1
+1 2 1
-1 12 4 4 3 0 0 3
cfi=(90) /build/glibc-t3gR2i/glibc-2.23/stdio-common/_itoa.c
cfn=(370) _itoa_word
calls=1 168 
* 106 9 8 3 1 1 3 1
* 49 19 7 10 1 0 10

fl=(82) /build/glibc-t3gR2i/glibc-2.23/malloc/malloc.c
fn=(334) malloc
2900 3 0 2 1 0 0 1
+5 2 2 0 0 2 0 0 2
+1 2
+1 1 1 0 1 0 0 1
+20 3 2
-20 1
cfi=(83) /build/glibc-t3gR2i/glibc-2.23/malloc/hooks.c
cfn=(336) malloc_hook_ini
calls=1 29 
* 59321 14361 471 75 1154 63 75 1142 57

fn=(354) malloc_consolidate
4142 2 1 0 1 0 0 1
4994 4 0 0 1 0 0 1
1806 3 0 2 0 0 1 0 0 1
-3 2
+3 378 0 252 0 0 31 0 0 31
-3 252
+7 3 0 0 1 0 0 1
+5 1
+2 1 0 1 0 0 1 0 0 1
-2 2 1 1
-1 3 1 1 1 0 0 1

fn=(352) _int_malloc
3347 3 0 0 1 0 0 1
-30 2 0 2
+30 1
-30 4 0 4
+30 3 0 0 1 0 0 1
-30 1
+30 3
+4 3 0 1
+14 2 1 0 0 1 0 0 1
+37 2 0 0 1 0 0 1
+44 4 0 0 1 0 0 1
+1 2 1
+1 2 0 1 0 0 1
cfn=(354)
calls=1 4142 
* 651 3 257 4 0 33 4 0 33
3817 14 0 5 1 0 0 1
-2 1
+2 1
-2 1
+2 2 0 1 1 0 0 1
5000 1
3815 1 0 1
+2 1 0 1
5002 1
3817 1
5002 1
3817 3 0 1
5002 2 0 1
3817 4 0 2 1 0 0 1
5000 2 0 2
3467 5 1 0 1 0 0 1
3831 9 7 0 1 0 0 1
3601 2 0 0 1 0 0 1
+73 2 1
+1 2
+1 2
+1 2 1 0 0 1 0 0 1
+1 2
+5 2
+4 3 0 0 1 0 0 1
+3 4 1 0 1 0 0 1
-3 3
3790 1 1
+3 1 0 0 1 0 0 1
-2 2 1
+2 2
+17 2 1
3603 3 1 0 1 0 0 1
+3 1 1
-3 1
+3 3 0 0 1 0 0 1
3446 3 0 1 1 0 0 1
1877 4 1 0 1 0 0 1
3825 3 0 1 1 0 0 1
cfn=(356) sysmalloc
calls=1 2266 
* 249 55 39 22 7 5 22 4 3
+1 2

fn=(356)
2266 8 0 6 2 0 0 2
+20 1 1 0 0 1
+11 1
-11 1 1 0 0 1
+11 1
+1 5 1 1 0 0 1 0 0 1
fi=(84) /build/glibc-t3gR2i/glibc-2.23/malloc/arena.c
488 3 0 1 0 0 1
fe=(82)
2313 5 0 2 1 0 0 1
+65 1 1
+1 3 1
+10 1
-9 1
+9 5 1
+6 4 0 1 1 0 0 1
+3 3
2721 2 1 0 1 0 0 1
+1 1 0 1
+8 4 2 0 1 0 0 1
+5 1
-3 1
+3 1
-2 1
+2 3
+1 1
-1 1
-1 1 0 1
+4 1
-3 2 0 1
+1 1 0 1 0 0 1 0 0 1
+8 9 7 0 1 0 0 1
2461 1 1 0 1 0 0 1
-8 4 1
+8 1
+21 5 2 3 1 0 0 1
cfi=(87)
cfn=(358)
calls=1 46 
* 62 12 8 6 2 1 6 1
* 1
+1 1
+3 4 2
+3 2 2 0 0 1 0 0 1
+1 2
+20 2 0 0 1 0 0 1
+26 2 1 0 0 1 0 0 1
+2 2 1
+6 1
-6 1 0 1
+6 1
2319 1 0 0 1 0 0 1
2462 1
+10 5 0 2
+8 1
-8 1
+8 1
+67 7 1 0 1 0 0 1
+37 2
+6 3 0 0 1 0 0 1
+19 1
+3 2
+1 5 2
+2 1
-2 1
+2 1
+1 3 2 1 1 0 0 1
cfi=(87)
cfn=(358)
calls=1 46 
* 25 8 4 0 1 0 0 1
+12 2
+8 1 1
+1 1 1
-1 2 2
+1 2
+39 1
+1 1
-2 1 0 1
+1 3 0 0 1 0 0 1
+12 1
-12 1 0 1 0 0 1 0 0 1
+1 1 0 1
+11 1
2537 5 0 2 1 0 0 1

fl=(77)
fn=(318)
24 2 0 0 1 0 0 1
+1 2
+1 2
+1 2
+1 2 0 0 1 0 0 1
+1 2
+1 2
+1 2
+1 2 2 0 0 2 0 0 1
+1 2
+1 2
+1 2
+1 2
+1 2
+1 2
+1 2
+1 2
+1 2
+2 2
+7 2 2

fl=(83)
fn=(336)
29 4 0 2 1 0 0 1
fi=(84)
260 1 1 0 0 1 0 0 1
fe=(83)
30 1 1
fi=(84)
260 1
fe=(83)
30 1 0 1
fi=(84)
260 1
fi=(82)
2909 7 3 0 1 0 0 1
+2 3 0 1
cfn=(352)
calls=1 3347 
* 1034 77 320 44 9 39 44 6 36
+3 1
-3 1
+3 1
+8 4 1 1 1 0 0 1
+2 11 1
fe=(83)
33 4 3
fi=(82)
2909 6 1 1 2 1 0 2
+12 1 0 1 1 0 0 1
cfi=(84)
cfn=(340) ptmalloc_init.part.5
calls=1 258 
* 58236 14272 144 24 1142 24 24 1135 21
* 1 1 0 0 1
-15 2 0 0 1 0 0 1
fe=(83)

fl=(49) /build/glibc-t3gR2i/glibc-2.23/string/../sysdeps/x86_64/multiarch/strcspn.S
fn=(188) strpbrk
45 1 1 0 1 0 0 1
+1 1
+1 1 1
+1 1
+1 1
+1 1 1

fn=(184) strcspn
45 1 1 0 1 0 0 1
+1 1
+1 1 1 0 0 1
+1 1
+1 1
+1 1 1

fl=(93)
fn=(380)
104 1 0 0 1 0 0 1
-1 1
+1 2 0 1 1 0 0 1
cfn=(382) __run_exit_handlers
calls=1 -69 
* 896 248 144 59 42 8 58 29 3

fn=(382)
35 8 0 4 1 0 1 1 0 1
+5 1 0 1
cfi=(94) /build/glibc-t3gR2i/glibc-2.23/stdlib/cxa_thread_atexit_impl.c
cfn=(384) __call_tls_dtors
calls=1 145 
* 11 5 2 2 0 0 2
* 1 1 0 0 1 0 0 1
+6 8 2 0 0 1 0 0 1
+4 6 0 0 1 0 0 1
+3 1
-1 1 0 1
+2 5 1
+33 1 1
+1 1
-1 1 0 1
+1 1
+6 2 0 0 1 0 0 1
+1 5 1 1 0 1 0 0 1
cfi=(79)
cfn=(422)
calls=1 948 
* 248 70 55 25 8 0 25 8
* 3
+2 2 0 1
cfi=(98)
cfn=(432)
calls=1 -70 
* 8 1 0 2 0 0 2
-19 1 0 0 1 0 0 1
+4 1
-4 1
+2 1 1
+2 1 1
-2 2 1 0 0 1
+2 1 0 1
cob=(1)
cfi=(95) /build/glibc-t3gR2i/glibc-2.23/elf/dl-fini.c
cfn=(386) _dl_fini
calls=1 +48 
* 573 163 77 26 30 7 25 18 2
+1 1

fl=(61) /build/glibc-t3gR2i/glibc-2.23/string/../sysdeps/x86_64/cacheinfo.c
fn=(238) init_cacheinfo
482 2 0 2 1 0 0 1
+12 1 1
-12 3 0 3
+12 3 1
+2 4 1 1
cfn=(240) handle_intel
calls=1 262 
* 455 50 21 14 6 0 14 6
+4 2 0 0 1 0 0 1
-4 1
+4 1 0 1
cfn=(240)
calls=1 262 
* 547 50 21 2 0 0 2
+2 1
-2 1
-1 1
+3 1
+9 2
+2 1 1
+1 1 1
+2 1
+5 2
+9 4
-9 4
+9 16
-9 12 0 0 1 0 0 1
+6 8
+69 4
+1 5
+55 2
+2 1 0 0 1 0 0 1
+1 1 0 1 0 0 1 0 0 1
+2 1
-3 1
+5 1 0 1
-5 1 0 1
+4 3 0 1
+4 2
+2 1
+1 1 0 1
+2 1 0 0 1 0 0 1
-3 1
+5 1 0 1
-5 1 0 1
+4 2
+3 1 1
-3 1 0 1
+3 5 5
532 1 0 0 1 0 0 1
+32 1
-26 6
+7 5 0 0 1 0 0 1
+2 1
+1 1
+1 2
-4 4
+2 1
+1 1
+1 6
+2 2
-6 2
+6 2
+5 1
+2 2
+1 1
-1 1
+1 3
+6 1
-1 1
+1 5 0 0 1 0 0 1

fn=(240)
262 4 0 0 1 0 0 1
-1 4 0 4
+17 2 0 0 1 0 0 1
-17 12 0 8
+14 2 0 2
+1 4 0 2
-3 6 0 2
+23 8 0 2
cfn=(242) intel_check_word
calls=2 133 
* 666 70 8 5 6 0 5 6
+1 4 0 0 1 0 0 1
+3 10 0 2
cfn=(242)
calls=2 133 
* 238 16 8 6 0 0 6
+1 4
-17 4 0 0 1 0 0 1
+5 2
-5 6 0 2
+5 2
+2 2
+1 2
-1 4 0 2
+27 16 14 0 1 0 0 1

fn=(242)
133 8 0 0 1 0 0 1
+6 4
-7 20 0 16
+7 16 0 0 1 0 0 1
-7 4
+7 4
+2 4
-2 4
+2 4
+68 8 4
+3 24 8
-69 4 0 0 1 0 0 1
+2 8
-2 6
+2 12
+8 20
+51 16
+22 8
fi=(62) /build/glibc-t3gR2i/glibc-2.23/string/../bits/stdlib-bsearch.h
27 8
+1 16
+3 16 0 0 1 0 0 1
+1 8
fe=(61)
+89 16 8 0 0 1 0 0 1
fi=(62)
-90 12
+1 6
fe=(61)
+89 12 6 0 0 1 0 0 1
+3 54
fi=(62)
-95 44
+2 44
-2 44
+2 80
+1 40
fe=(61)
+89 80 40 0 0 4 0 0 4
251 8
141 16 0 0 1 0 0 1
-6 2
256 24 20
fi=(62)
37 10
-8 24
fe=(61)
165 6 0 0 1 0 0 1
+3 6
+4 4
+2 4
+1 14
+2 7 0 0 1 0 0 1
-12 2
+12 2
+1 10
+1 10
+1 6
+17 3 0 0 1 0 0 1
-32 9
+3 9
+4 6
+2 6
+1 12
+2 12
+5 2 0 0 1 0 0 1
+2 4
+2 32 0 0 2 0 0 2

fl=(94)
fn=(384)
145 3 0 2 1 0 0 1
+1 4 2
+18 4 3 0 1 0 0 1

fl=(45) /build/glibc-t3gR2i/glibc-2.23/string/../sysdeps/x86_64/multiarch/strcmp.S
fn=(186) strncasecmp
129 1 1 0 1 0 0 1
+1 1
+1 1 1
+1 1
+10 1 1 0 1 0 0 1

fn=(176) strcasecmp
109 1 1 0 1 0 0 1
+1 1
+1 1 1 0 0 1
+1 1
+10 1 1 0 1 0 0 1

fl=(46) /build/glibc-t3gR2i/glibc-2.23/time/../sysdeps/unix/sysv/linux/x86/time.c
fn=(178) time
38 1 0 0 1 0 0 1
-1 1
+1 6 0 3
fi=(47) /build/glibc-t3gR2i/glibc-2.23/time/../sysdeps/generic/dl-hash.h
+10 3 0 0 1 0 0 1
+14 4
-17 3 1 0 0 1 0 0 1
+3 9
+14 12
-17 9 3
fe=(46)
-7 3
+3 2
-3 1 0 1 1 0 0 1
+3 1 0 1
cfi=(48)
cfn=(182)
calls=1 -14 
* 6 3 0 2 1 0 2
+1 3
+1 2 1

fl=(70)
fn=(286)
26 1 0 1 1 0 0 1
+9 1
+1 2 1 0 1 0 0 1
+1 1 0 1
+4 1 0 1
+1 1 0 1
+1 1 0 1
+1 1 0 1
+1 1
+2 2 1
+2 1 0 1
+1 1 1
+1 1
+2 2 1
+2 1 0 1 1 0 0 1
+9 1
cfi=(71)
cfn=(288)
calls=1 -36 
* 9 2 2

fl=(51) /build/glibc-t3gR2i/glibc-2.23/time/../sysdeps/unix/sysv/linux/x86/gettimeofday.c
fn=(192) gettimeofday
37 1 0 0 1 0 0 1
-1 1
+1 6 0 3 1 0 0 1
fi=(47)
+11 3
+14 4
-17 3 1 0 1 0 0 1
+3 9
+14 12
-17 9 3
fe=(51)
-8 3
+3 2
-3 1 0 1
+3 1 0 1
cfi=(48)
cfn=(182)
calls=1 -13 
* 6 3
+1 3
+1 2 1

fl=(90)
fn=(370)
168 4 0 0 2 0 0 2
+2 2
+9 98 8 8 1 1 1 1 1
+9 2 1

fl=(60)
fn=(236)
31 5 5 0 1 2 0 1
+2 1 1
+2 1 1
-4 1
+4 1
-4 1 0 1 1 0 0 1
+2 3 1 1 0 1
+2 3 2 1

fl=(50) /build/glibc-t3gR2i/glibc-2.23/string/../sysdeps/x86_64/multiarch/strspn.S
fn=(190) strspn
30 1 1 0 1 0 0 1
+1 1
+1 1 1
+1 1
+1 1
+1 1 1

fl=(81)
fn=(330)
34 1 0 0 1 0 0 1
-1 1
+1 1
+1 6
+4 1 1

fl=(96) /build/glibc-t3gR2i/glibc-2.23/stdlib/cxa_finalize.c
fn=(408) __cxa_finalize
31 4 0 4
+17 1
-17 4 0 2
+4 4 1
+4 6 1 0 1 0 0 1
-4 3 1 0 1 0 0 1
+32 4 1 0 0 1 0 0 1
+4 6 1 0 0 1 0 0 1
-4 3 1 0 1 0 0 1
+12 2
+3 1
-2 1
+2 6 6 0 1 0 0 1
-2 1
cfi=(97)
cfn=(410)
calls=1 -52 
* 10 4 2 1 0 0 1

fl=(84)
fn=(340)
258 6 0 5 1 0 1 1 0 1
+13 1 1 0 1 1 0 1 1
-8 1 0 1
+8 1
+6 3 1 1 0 1 1 0 1 1
+2 5 2 0 1 2 0 1 2
+16 2
-56 86
-18 261 87 0 0 11 0 0 11
+2 172 86 0 0 38 0 0 38
+1 2 1
+1 2 1
340 2 0 0 1 0 0 1
+6 2 2 0 0 1
+1 2
+2 1 0 1 0 0 1
+1 7 6 0 0 1
-78 5 0 1 1 0 1 1 0 1
cfi=(85)
cfn=(342)
calls=1 126 
* 57669 14083 135 19 1087 20 19 1082 18
* 2
+1 4 2

fl=(88)
fn=(360)
34 2 0 2 1 0 0 1
+8 2 2 0 0 1
-8 6 0 4 0 0 1
+8 9 3 0 0 2 0 0 2
+4 4
+4 6
+12 5 4
-19 2 0 1 1 0 0 1
cfi=(89)
cfn=(362)
calls=1 -12 
* 12 2 1 2 0 0 2
* 4 1
+15 2 0 1 1 0 0 1
cfi=(89)
cfn=(362)
calls=1 -27 
* 12 2 1
* 2
+4 5 4

ob=(2)
fl=(16)
fn=(398) 0x0000000000400824
0 3 1 0 1

fn=(214) 0x000000000ceef530
0 6 2 0 2 0 0 1

fn=(272) 0x0000000000400400
0 6 2

fn=(84) 0x000000000c4c7ab0
0 1 1
cob=(1)
cfi=(17) /build/glibc-t3gR2i/glibc-2.23/elf/dl-minimal.c
cfn=(86) free
calls=1 120 
0 6 3 1 1 0 0 1

fn=(406) 0x000000000ceef570
0 1 1
cob=(3)
cfi=(96)
cfn=(408)
calls=1 31 
0 56 16 8 5 2 0 5 2

fn=(420) 0x000000000ceef7b8
0 3 1 0 2 0 0 2

fn=(332)
0 1 1 0 1 0 0 1
cob=(3)
cfi=(82)
cfn=(334)
calls=1 2900 
0 59333 14366 473 77 1156 63 77 1144 57

ob=(4) /usr/lib/valgrind/vgpreload_core-amd64-linux.so
fl=(54) ???
fn=(400) 0x0000000000000610
0 8 3 2 0 2 0 0 2
cob=(2)
cfi=(16)
cfn=(406)
calls=1 0 
0 57 17 8 5 2 0 5 2
0 1 0 1
cfn=(414) 0x0000000000000580
calls=1 0 
0 9 2 1 1 0 0 1
0 3 2 1

fn=(414)
0 9 2 1 1 0 0 1

fn=(218) 0x0000000000000650
0 17 3 1 3 0 0 3

ob=(1)
fl=(21) /build/glibc-t3gR2i/glibc-2.23/posix/../sysdeps/unix/syscall-template.S
fn=(62) uname
84 4 0 0 1 0 0 1
+1 1 1

fl=(66) /build/glibc-t3gR2i/glibc-2.23/elf/../elf/dl-runtime.c
fn=(260) _dl_fixup
66 8 0 4 1 0 0 1
+5 8
-5 4
+3 8 8 0 0 2 0 0 2
+3 4 4 0 0 2 0 0 2
-1 8 4 0 1 2 0 1 2
-3 4 4
+5 24 8 0 0 3 0 0 3
+1 4 4 0 0 1 0 0 1
-1 4 0 4
+1 8 4 0 0 1 0 0 1
+5 8
+4 8 4 0 1 3 0 1 3
+4 12 4 0 0 2 0 0 2
+4 4 4 0 0 2 0 0 2
+1 20 8 0 0 3 0 0 3
+2 16 4 0 0 3 0 0 2
+7 8 4 0 1 1 0 1 1
-1 4
+1 4
+10 36 8 12 0 2 1 0 2 1
cfi=(6) /build/glibc-t3gR2i/glibc-2.23/elf/dl-lookup.c
cfn=(170) _dl_lookup_symbol_x
calls=4 806 
* 3392 870 337 8 65 23 8 63 21
* 4
+4 20 12 0 1 0 0 1
+10 24 8 0 0 1 0 0 1
+16 4 4
-8 4 4
+8 12
+4 12 4 0 0 1 0 0 1
fi=(5) /build/glibc-t3gR2i/glibc-2.23/elf/../sysdeps/x86_64/dl-machine.h
+90 4 0 4
fe=(66)
-86 12 8

fl=(53) /build/glibc-t3gR2i/glibc-2.23/elf/dl-init.c
fn=(212) call_init.part.0
28 20 0 20
+8 4 4
+3 4 4
-3 8 0 4
+3 12 4 0 0 1
+5 21 3 0 1 2 0 1
+5 4 2
+9 12 4 2 0 2
cob=(3)
cfi=(55)
cfn=(226)
calls=1 -6 
* 176 42 26 13 6 4 13 0 4
cob=(2)
cfi=(16)
cfn=(214)
calls=1 -58 
* 6 2 0 2 0 0 1
* 2 2 0 0 2
+4 4
+6 2 2
+2 4 4 0 1 0 0 1
-2 4 2 0 0 1
+3 10
+1 8 2 2
cob=(3)
cfi=(61)
cfn=(238)
calls=1 482 
* 1161 111 57 24 6 1 24 6 1
cob=(4)
cfi=(54)
cfn=(218)
calls=1 -72 
* 17 3 1 3 0 0 3
* 4 1 1
cob=(3)
cfi=(63)
cfn=(246)
calls=1 -39 
* 4 3 0 1 0 0 1
* 3
-1 6
+3 24 24
-29 3 1 0 1 0 0 1
-5 3

fn=(210) _dl_init
80 11 0 6 2 0 0 2
+1 1 1 0 0 1
+1 1 1
+3 3 1
+8 2
+1 2 1 0 1 0 0 1
+25 15
+1 12 8
-90 20 4 3
cfn=(212)
calls=3 -2 
* 1450 196 104 39 16 5 39 6 5
* 3
+96 8 7
-96 2 1 0 1 0 0 1
+58 2 0 1
+16 1 0 1 1 0 0 1
cfn=(212)
calls=1 -76 
* 76 24 9 7 4 0 6
* 1

fl=(40) /build/glibc-t3gR2i/glibc-2.23/elf/dl-deps.c
fn=(132) _dl_map_object_deps
161 1 0 0 1 0 0 1
-1 1 0 1
+1 1
-1 4 0 3 1 0 0 1
+1 1
-1 2 0 2
+1 1
-1 2 0 1
+1 1
-1 2 0 2
+1 3
-15 1
+15 1 0 0 1 0 0 1
-17 1 0 1
+1 1 0 1
+1 1 0 1
+6 4 1 1
+26 1
-26 1 0 1
+26 7 0 1 1 0 0 1
-34 1
+2 1
+33 2 1
-33 1
-2 1
+2 2
-2 1 0 1
+1 1 0 1
+1 1 0 1
+6 3 1 0 1 0 0 1
+26 1
-26 1 0 1
+26 5 1
+4 1
+21 1 0 1
+1 1 0 1
-22 2 0 2
+19 1 1 0 1 0 0 1
-12 1 0 1
+15 1 0 1
-16 2 0 2
+13 1 0 1
317 9 0 4 1 0 0 1
217 1 1
-4 1 0 1
-4 1 0 1
+8 4 3
-4 3 0 3
-4 3 0 3
+8 3
+12 8 4 0 1 0 0 1
+2 2 2
+11 2 2
-5 2 0 2
-6 4 2 2
+5 2 0 2
+2 4 2 2
+1 4 2 2
+3 14 4 0 1 0 0 1
+50 6 2
+1 3 0 1
-51 192 48
+1 96 0 0 1 0 0 1
+6 10 4 2
cfi=(28) /build/glibc-t3gR2i/glibc-2.23/string/../sysdeps/x86_64/multiarch/../strchr.S
cfn=(76) index
calls=2 24 
* 70 9 0 0 3 0 0 3
* 4
+5 10 8 0 1 0 0 1
-3 2 0 2
+3 2 0 2
cfi=(32) /build/glibc-t3gR2i/glibc-2.23/elf/dl-error.c
cfn=(96) _dl_catch_error
calls=2 -91 
* 5488 1019 703 71 26 66 71 26 66
+2 6 2
+15 2 2
+2 4 2
+5 2
+6 2 2
+2 2 0 2 1 0 0 1
-8 4
+3 2 0 2
+1 2 0 2
+1 2 0 2
+1 2 0 2
+4 12 2 4
+7 138 0 0 1 0 0 1
459 12 4 0 1 0 0 1
+2 6 0 2
+2 6 0 2
cfi=(17)
cfn=(40) malloc
calls=2 94 
* 58 12 10
* 2 2
+2 2
-2 2 0 0 1 0 0 1
+2 2
+4 8 2
-1 2 0 2
+1 2 0 2
cfi=(18) /build/glibc-t3gR2i/glibc-2.23/string/../sysdeps/x86_64/multiarch/../memcpy.S
cfn=(46) memcpy
calls=2 61 
* 41 5 3
+1 10 0 2
cfi=(18)
cfn=(46)
calls=2 61 
* 41 5 3 0 0 1 0 0 1
+4 2 0 2
-1 2 0 2
+5 22 11 0 1 0 0 1
+7 6 2 0 1 0 0 1
+1 1 0 1
+3 5 2 1
+10 4 1 1 1 0 0 1
cfi=(17)
cfn=(40)
calls=1 94 
* 29 6 5
* 1 1
+3 1
-3 1
+3 1
+5 6 3 0 1 0 0 1
+1 1 0 1
-1 3 0 1
+1 2 1
+8 2 0 1
+4 3 2 1 1 0 0 1
-4 1
-6 3 1
-2 3 3
+8 6 0 3 0 0 1 0 0 1
+4 9 6 3
-4 3
-6 9 3
+13 3 1 1
+51 3 2
+2 3 1 0 1 0 0 1
+42 1 0 0 1 0 0 1
-4 1 0 1
+5 2
-1 4
+1 2 0 1
cfi=(27) /build/glibc-t3gR2i/glibc-2.23/string/../sysdeps/x86_64/multiarch/../memset.S
cfn=(74) memset
calls=1 53 
* 15 1 2
* 1 1
-2 9 0 1 1 0 0 1
+7 1
-1 1 1
+1 1 1
-1 2 0 1
+7 1 1
-7 1 0 1
+7 2
-13 2
+7 2
-1 2 2
+1 2 2
-1 4 0 2
+7 2 2
-7 2 0 2
+7 6
+2 8 4 0 1 0 0 1
+1 4
-1 4 2
+1 3
+2 9 3
+1 6
+28 18 2 6 1 0 0 1
cfi=(27)
cfn=(74)
calls=2 53 
* 37 2 3
* 10 4
-6 3 0 0 1 0 0 1
-28 6
+31 10 3 0 1 0 0 1
-6 2 1 0 1 0 0 1
+16 2 1 1
+2 1 1
+1 1 0 1 1 0 0 1
-1 1 0 1
+2 3 1
+7 3 1
+3 3 1 0 1 0 0 1
+3 8 7
481 9 3
-1 4 4 0 1 0 0 1
+1 9 1
202 2 0 1
+27 8 4 0 1 0 0 1
-19 4
+8 25 11 0 2 1 0 2 1
+2 2
+2 8 4 2
+2 30 2 6 1 0 0 1
338 6 0 3 2 0 0 2
611 8 1 2 2 0 0 2
cfi=(18)
cfn=(46)
calls=1 61 
* 28 6 5
+2 1
-38 1 0 1
+38 1
209 2 0 1 1 0 0 1

fn=(134) openaux
60 4 0 2 1 0 0 1
+7 2 2
-4 22 10 2 1 0 0 1
cfi=(22) /build/glibc-t3gR2i/glibc-2.23/elf/dl-load.c
cfn=(104) _dl_map_object
calls=2 2167 
* 5330 969 641 69 26 62 69 26 62
* 2 0 2
+5 4 4

fl=(43) /build/glibc-t3gR2i/glibc-2.23/elf/dl-version.c
fn=(156) match_symbol
76 33 0 18 1 0 0 1
+9 3 3 0 1 0 0 1
-8 3 3
-1 6 0 6
+1 3 3
+8 3
+6 9 3
+15 3 3 0 0 1
+1 6
+2 3 3
+5 6 3 0 1 2 0 1 2
+14 20 10
+12 21 7 0 0 1 0 0 1
+4 7
-30 14 7 0 0 2 0 0 2
+19 15 6 3 2 0 0 2
cfi=(19) /build/glibc-t3gR2i/glibc-2.23/string/../sysdeps/x86_64/multiarch/../strcmp.S
cfn=(54) strcmp
calls=3 +11 
* 72 21 0 0 1 0 0 1
* 6
+35 24 21

fn=(154) _dl_check_map_versions
189 12 4 0 1 0 0 1
-15 36 0 24
+17 4 4
+3 12 4 8 1 0 0 1
-3 4 0 4
+2 4 4
+1 4 0 4
+2 4
-3 4 0 4
+3 4
+3 4 4
+4 2 2 0 0 2 0 0 2
-4 2 0 2
+4 8 0 0 1 0 0 1
+17 2 2
56 4 2
220 2 2
56 10 2
+1 5 5
-1 10
+2 21 0 7 1 0 0 1
cfi=(34) /build/glibc-t3gR2i/glibc-2.23/elf/dl-misc.c
cfn=(106) _dl_name_match_p
calls=7 288 
* 848 153 29 2 0 0 2
* 16
228 6 2
+5 16 4
+19 1
-15 42 27 2 2 1 0 2 1
cfn=(156)
calls=1 76 
* 75 27 9 5 2 0 5 2
* 8 2 4
cfn=(156)
calls=2 76 
* 182 66 18 0 5 0 0 4
* 3
+7 18 9
+3 9 3
+9 12 4 0 1 0 0 1
+14 4 2 0 1 0 0 1
+3 8 6
+10 28
-7 112 28 0 0 8 0 0 8
+3 84 28 0 0 4 0 0 4
-3 8 2
+3 6 2
+8 9 0 0 1 0 0 1
+87 8 7
-81 12 0 3
cfi=(17)
cfn=(36) calloc
calls=3 103 
* 165 31 23
* 3 3
+1 3
-2 3 0 3
+2 3
+11 3 3 0 1 0 0 1
+2 3 3
-5 3 0 3
+3 3 3
+2 3
-2 3 0 3
+2 3
+3 8 6
+4 6 2
+18 1
-15 3 1
+2 3
-2 6 2 0 1 0 0 1
+2 6
+2 3
+1 3
-1 6 3
+1 3
-1 3
+1 3 0 3 0 0 3 0 0 3
+1 3 3
-2 3 0 3
+2 6 0 3
+1 9 3 3 1 0 0 1
+3 9 3
+8 6 2
+10 9 3
+3 8 6
+20 28
-14 60 30
-2 28 28
+7 56 56
+1 28 28
-1 84
+1 28
-1 28 0 28 0 0 8 0 0 8
+1 28 0 28
+1 28 0 28 0 0 3 0 0 3
+3 90 30
+10 27 21 0 2 0 0 2
183 2
-8 2
+95 4 2
-80 2

fn=(152) _dl_check_all_versions
380 5 0 4 1 0 0 1
+4 7
+2 28 4 4 1 0 0 1
cfn=(154)
calls=4 189 
* 2501 679 246 21 22 14 21 21 14
-2 4 4
+2 12
-1 4
-1 8
+5 7 5

fl=(24) /build/glibc-t3gR2i/glibc-2.23/io/../sysdeps/unix/syscall-template.S
fn=(68) access
84 12 0 0 1 0 0 1
+2 15 3 3 1 0 0 1

fn=(130) close
84 12
+1 3 3

fn=(112) read
84 8
+1 2 2

fn=(110) open
84 28 0 0 1 0 0 1
+1 3 3
+1 20 4 4

fl=(9) /build/glibc-t3gR2i/glibc-2.23/elf/../sysdeps/unix/sysv/linux/dl-sysdep.c
fn=(60) _dl_discover_osversion
45 7 0 6 1 0 0 1
+2 3 1 0 1 0 0 1
+85 8 7 0 1 0 0 1
-45 3 0 1 1 0 1 1 0 1
cfi=(21)
cfn=(62)
calls=1 -3 
* 5 1 0 1 0 0 1
* 1
+15 1
-15 1
+20 1
-1 1
+3 12 3 0 0 1 0 0 1
+4 3 3
-2 6
+2 9
+7 3 0 0 1 0 0 1
-1 3
+4 3
-2 3
+2 10
+5 2

fl=(12) /build/glibc-t3gR2i/glibc-2.23/elf/../misc/sbrk.c
fn=(24) sbrk
34 4 0 2
+8 6 2 0 1 1 0 1 1
+4 2
+16 5 3

fl=(41) /build/glibc-t3gR2i/glibc-2.23/io/../sysdeps/unix/sysv/linux/wordsize-64/xstat.c
fn=(138) _xstat
34 4 0 0 1 0 0 1
-1 4
+1 4
+1 24
+4 1 1
-4 12 3 3

fl=(13) /build/glibc-t3gR2i/glibc-2.23/elf/dl-environ.c
fn=(28) _dl_next_ld_env_entry
30 3 3 0 1 0 0 1
+3 10 3
+13 84
-13 252 84
+2 172 86 0 1 38 0 1 38
+1 42 21
+5 2
-3 2
+3 2 0 2
+2 2 2
-12 1
+19 1 1

fl=(31) /build/glibc-t3gR2i/glibc-2.23/elf/dl-tls.c
fn=(162) _dl_allocate_tls_storage
354 3 0 3 1 0 0 1
+2 1 1
+11 3 1 1
cfi=(17)
cfn=(44) __libc_memalign
calls=1 52 
* 76 15 13
* 1 1
+1 2
+7 2
+4 1
-57 1 0 0 1 0 0 1
+57 296 0 289 0 0 36 0 0 36
-58 2 1
+1 2 0 1 1 0 0 1
cfi=(17)
cfn=(36)
calls=1 103 
* 38 7 5
* 1 1
+1 2
+3 1 0 1 0 0 1 0 0 1
+6 2 0 1
+64 5 4

fn=(160) _dl_determine_tlsoffset
138 7 0 6 1 0 0 1
+6 3 1 0 1 0 0 1
+3 2 1
+36 3 1
+2 10 1 0 1 0 0 1
+3 1 1 0 1 0 0 1
-1 1 1
+5 2 1
-5 3
+3 3
+2 5 0 0 1 0 0 1
+16 3
+2 2
-2 2
+2 2
+10 1 0 1
-37 2 1
+25 1
-25 4 0 0 1 0 0 1
+40 4 0 1
+1 1 0 1
+51 1 0 1
+1 8 7 0 1 0 0 1

fn=(198) _dl_add_to_slotinfo
890 3 0 2 1 0 0 1
+9 1 1 0 0 1
-9 1 0 1
+6 2 1
+8 5 1 0 1 0 0 1
+41 1 0 1 0 0 1
+1 3 1 1 0 1
+1 4 4

fn=(200) _dl_allocate_tls_init
450 2 0 0 1 0 0 1
-1 7 0 6
+5 1 1 0 0 1
+6 3 2 1 0 1
-6 1 0 1
+6 1
-4 1 0 1
+16 1 1 0 1 0 0 1
-15 3 1
+20 6 1
+6 16 1 1 1 0 0 1
+3 1 1
+1 2
+6 3 2 0 1 0 0 1
+3 1 1
-2 2
+2 4 1 1
+1 1 0 1
+3 1 1
-1 3
+4 2 0 0 1 0 0 1
+1 4 2
+2 2
+9 6 2 1
cfi=(25) /build/glibc-t3gR2i/glibc-2.23/string/../sysdeps/x86_64/memcpy.S
cfn=(70) mempcpy
calls=1 61 
* 23 3 2 0 0 1 0 0 1
* 4 0 1 1 0 0 1
cfi=(27)
cfn=(74)
calls=1 53 
* 30 1 12 0 0 1 0 0 1
* 2 2
-38 3
+52 2 1 1 1 0 0 1
+2 1 1
+1 8 7 0 1 0 0 1

fn=(146) _dl_next_tls_modid
49 1 0 0 1 0 0 1
+3 4 2
+48 1 0 1
+4 2 1

fn=(90) _dl_count_modids
115 2 1 0 1 0 0 1
+1 2 2

fl=(26) /build/glibc-t3gR2i/glibc-2.23/misc/../sysdeps/unix/sysv/linux/wordsize-64/mmap.c
fn=(72) mmap
33 9 0 0 1 0 0 1
-1 90 0 54 1 0 1 1 0 1
+1 23
+1 90
+2 63 63
-3 20 2 0 1 0 0 1

fl=(2)
fn=(94) do_preload
654 4 0 3 1 0 0 1
+12 1
-12 2
+10 1 1
-4 1 0 1
+1 1 0 1
+5 4
-10 1 0 1 1 0 0 1
+6 1 0 1
+4 1 0 1
cfi=(32)
cfn=(96)
calls=1 163 
* 2434 503 289 91 19 30 91 19 30
+1 3 1
+10 3 1 0 1 0 0 1
+4 5 4

fn=(50)
688 10 5 5 1 0 2 1 0 2

fn=(102) map_doit
480 1 0 1 1 0 0 1
+2 1 1
-2 1
+3 8 2 1
cfi=(22)
cfn=(104)
calls=1 2167 
* 2358 481 258 84 19 28 84 19 28
* 1 0 1
+2 2 2

fn=(158) init_tls
573 1
+6 1 1 0 0 1
-6 1 0 1
+2 2 1 1
+4 1
+10 4 0 1
cfi=(17)
cfn=(36)
calls=1 103 
* 38 7 5
* 1 1
+11 1 1 0 1 1 0 1 1
-5 1
-7 1 0 1
+6 1
+2 1 0 1
-1 1 0 1
+5 1
+2 1 1 0 1 0 0 1
-1 1
+1 10
+2 8 4
+4 1
+2 1
-2 2 0 1 0 0 1 0 0 1
-5 8 4
+9 3
+3 1 0 1 1 0 0 1
cfi=(31)
cfn=(160)
calls=1 138 
* 71 15 10 7 0 0 7
+7 1 0 1
cfi=(31)
cfn=(162)
calls=1 354 
* 439 31 314 3 0 37 3 0 37
+1 1
-1 1
+1 1
+6 1 1 0 1 0 0 1
+3 1
-3 1 0 1
+3 6 0 2
+3 1 0 1 1 0 0 1
+2 1
+1 2 2

fn=(26) dl_main
738 1 0 1 1 0 0 1
+19 1
-19 7 0 5
2353 1
738 3 0 0 1 0 0 1
+19 1 0 1
+3 1
-22 1 0 1 0 0 1 0 0 1
2348 1 0 1
760 1 0 1 0 0 1 0 0 1
+4 2 0 1 0 0 1 0 0 1
+1 2 0 1 1 0 0 1
+5 2 0 1
2346 2 1 1 0 0 1 0 0 1
+7 4 1
-4 1
+4 8 0 4 1 0 1 1 0 1
+2 2 1 1
cfi=(13)
cfn=(28)
calls=1 30 
* 84 30 1 2 4 0 2 4
* 4 2 2
cfi=(13)
cfn=(28)
calls=2 30 
* 489 170 1 0 34 0 0 34
* 9
+4 50 2 0 1 0 0 1
+1 19
-1 57 19
+3 4
+6 14 2 0 1 1 0 1 1
2514 3 1
+30 3 1
780 3 1 0 1 0 0 1
981 7 0 1 1 0 0 1
cfi=(15) /build/glibc-t3gR2i/glibc-2.23/elf/dl-object.c
cfn=(32) _dl_new_object
calls=1 61 
* 250 30 52 22 3 12 21 3 12
+2 1
-2 1
+2 1
+1 1 0 1
+1 1 1
+5 2
-5 1 0 1 1 0 0 1
+1 2 1 1
+4 1 0 1
cfi=(15)
cfn=(48) _dl_add_to_namespace_list
calls=1 32 
* 33 9 10 4 0 1 4 0 1
+1 3 1
747 1
1020 1 1
-3 1 0 1
-5 1 0 1 0 0 1 0 0 1
+1 1 0 1 1 0 0 1
+2 1 0 1
+5 7
+56 5 1 0 1 0 0 1
-55 24
-1 27
+1 47 9 0 1 5 0 1 5
1123 5 3 0 1 1 0 1 1
+3 2
+2 2
+2 3 1 0 1 0 0 1
+13 3 1
+1 6 4 1
cfi=(19)
cfn=(54)
calls=1 144 
* 44 6 0 7 2 0 7 2
* 2
+7 1 0 1 1 0 1 1 0 1
+3 1 1
-5 1 0 1
+3 1 0 1
+2 1
+1 2 0 1
+4 2 1
+2 2 0 0 1 0 0 1
fi=(3) /build/glibc-t3gR2i/glibc-2.23/elf/get-dynamic-info.h
30 1 1
+9 2
+6 1 1 0 0 1 0 0 1
-2 1
+2 2
+15 1
+5 1
+3 1
+2 1
-3 1 0 0 1 0 0 1
-3 1
-3 14 0 3 0 0 2 0 0 2
+10 3
-26 9 3 0 0 1 0 0 1
+16 19 0 19 0 0 4 0 0 4
+10 19
-26 57 19 0 0 5 0 0 5
+26 1
-26 3 1
+2 46
+13 16
+2 4 0 0 1 0 0 1
+16 3 1
+38 3 1 0 1 0 0 1
+5 2 1
+7 2 1
+1 3 2 0 1 0 0 1
+16 3 1
+14 3 1 0 1 0 0 1
+18 2 1 0 1 0 0 1
fe=(2)
1166 2 0 1
cfi=(6)
cfn=(10) _dl_setup_hash
calls=1 956 
* 23 7 6 0 1 0 0 1
+3 2 1
fi=(20) /build/glibc-t3gR2i/glibc-2.23/elf/setup-vdso.h
24 2 1
fe=(2)
1191 1 0 1 1 0 0 1
cfi=(9)
cfn=(60)
calls=1 45 
* 85 15 7 6 1 1 6 1 1
* 8 1 1
-75 2 1 1 1 0 0 1
+1 2 1 1
+1 1
-6 2 1 1
+1 1
-88 3 1 1 1 0 0 1
+1 1
+50 2 2 0 1 1 0 1 1
-1 8 2
+2 4 2 0 1 0 0 1
+1 1 0 1
+3 2 1
+1 2 1
-1 2 1 0 0 1 0 0 1
+1 2 1
+1 2 0 2
+1 6 3
+1 2 0 1
-43 1 0 0 1 0 0 1
-2 2 2 0 0 1 0 0 1
+27 1
-25 2 0 1
+7 1 1
-10 1 0 1 0 0 1 0 0 1
+10 1
-19 3 2 1 1 0 0 1
+1 1
fi=(3)
65 4 0 0 1 0 0 1
+3 4 0 0 1 0 0 1
+2 4 0 1
fe=(2)
2442 4 0 1 1 0 0 1
cfi=(14) /build/glibc-t3gR2i/glibc-2.23/string/../sysdeps/x86_64/multiarch/../memcmp.S
cfn=(30) bcmp
calls=1 24 
* 31 5 0 5 1 0 5 1
* 2 0 0 1 0 0 1
+2 3 0 1 0 0 1 0 0 1
-55 4 0 1 1 0 0 1
cfi=(14)
cfn=(30)
calls=1 24 
* 18 3 0 0 1 0 0 1
* 2
+7 4 0 1 1 0 0 1
cfi=(14)
cfn=(30)
calls=1 24 
* 36 7 0 0 1 0 0 1
* 2
+2 3 0 1 1 0 0 1
1185 3 0 1 2 0 0 2
+11 2 1 1 1 0 0 1
cfi=(22)
cfn=(64) _dl_init_paths
calls=1 661 
* 1629 312 221 71 4 14 71 4 14
+3 3 1 1 1 0 0 1
cfi=(30) /build/glibc-t3gR2i/glibc-2.23/elf/dl-debug.c
cfn=(88) _dl_debug_initialize
calls=1 50 
* 17 4 4 3 0 0 3
+7 1 1
-7 1
+2 1 0 1
+5 1
+3 3 2 1
+1 1 1
+3 1 0 1
-3 3 0 1 1 0 0 1
+1 2 0 1
+3 1 0 1
+5 1 1
-7 1 0 1
+7 1
+1 5 1 1
+17 2 1 0 1 1 0 1 1
+1 2 1
+5 1 1
-3 4 1
+2 2 0 1 1 0 0 1
+1 3 0 1 0 0 1 0 0 1
+5 3
+1 5 1 0 0 1 0 0 1
+2 2 1 1 0 0 1 0 0 1
+1 2 1 1 1 0 0 1
+5 2 1
+5 1 1
753 1 0 1
1262 2
1439 1 0 1
cfi=(31)
cfn=(90)
calls=1 115 
* 4 3 0 1 0 0 1
* 1 0 1
+8 3 1 0 1 0 0 1
+3 1 0 1
+4 3 1
+5 1 0 1
+1 1 0 1
cfi=(30)
cfn=(92) _dl_debug_state
calls=1 74 
* 1 1
+1 1
+4 3 1
+15 3 2 0 1 0 0 1
+4 1 1
-2 1
+2 2
+31 3 0 1
cfi=(24)
cfn=(68)
calls=1 84 
* 9 1 1
* 2
+77 1 1
1481 1 0 0 1 0 0 1
1592 3 1
+17 3
+1 1
-1 1
+1 2 1
-1 1
+1 5 0 1
cfi=(40)
cfn=(132)
calls=1 161 
* 6884 1283 867 111 30 68 111 30 68
+1 1
+2 2 0 0 1 0 0 1
+3 1 1
-3 3 1
+3 1
-3 1 0 1
+3 3 1
+1 4 1 1
-1 2 0 0 1 0 0 1
+1 12 3 3
-1 6
+4 3 2 1
+1 3 1
+1 1 0 1 1 0 0 1
+2 2
+1 6 2 0 1 0 0 1
-1 5
+1 5 2
-1 3
-28 5 0 0 1 0 0 1
+1 1
-1 3
+4 3 0 1
+1 1 1
+1 2
+1 3 0 0 1 0 0 1
+34 1 1
+1 2 1
-1 1 0 1
+1 1
+2 1
+2 3 0 0 1 0 0 1
+2 1 1
-4 1 0 1
+5 1 1
-1 2
+14 2
+1 2 0 1 1 0 0 1
+1 3 1
+11 1 1
+2 1 0 0 1 0 0 1
-2 1
+2 2
-1 1 0 1
+1 1
-2 3 0 1
+2 1 0 1
cfi=(32)
cfn=(148) _dl_receive_error
calls=1 205 
* 2616 707 268 27 22 14 26 21 14
+10 1 1
+1 1 1
-1 1 0 1
+1 1
+1 1 0 1 1 0 0 1
cfn=(158)
calls=1 573 
* 619 69 342 15 2 38 15 1 38
* 1 0 1
+2 2 1
703 1 1
+2 3 1 1
fi=(100) /build/glibc-t3gR2i/glibc-2.23/elf/../sysdeps/unix/sysv/linux/dl-osinfo.h
77 1 1
fe=(2)
714 1 0 1
+7 1 0 1 1 0 0 1
-5 1 0 1
1692 3 1
1922 3 1 0 0 1 0 0 1
2092 4 2 0 1 1 0 1
+2 1 0 1
+5 3 1 1
cfi=(31)
cfn=(200)
calls=1 450 
* 147 32 29 8 2 2 8 0 2
+3 2 1
+9 3 2 0 1 0 0 1
+2 2 1
+15 1
+2 1 0 1 1 0 0 1
-2 2
+3 1 1
-3 1
+3 1
-3 1
+3 3 0 1
cfi=(44) /build/glibc-t3gR2i/glibc-2.23/elf/dl-reloc.c
cfn=(164) _dl_relocate_object
calls=1 149 
* 3984 1201 549 2 33 2 2 9
+1 1
+2 6 1 1
+8 1 0 1 1 0 0 1
cfi=(7) /build/glibc-t3gR2i/glibc-2.23/elf/../elf/dl-sysdep.c
cfn=(202) _dl_sysdep_start_cleanup
calls=1 256 
* 1 1
+4 3 1
+20 3 0 1
cfi=(30)
cfn=(88)
calls=1 50 
* 8 3
+1 1 0 1
-1 1
+2 1 0 1
cfi=(30)
cfn=(92)
calls=1 74 
* 1 1
+1 1
+4 1 0 1
cfi=(42) /build/glibc-t3gR2i/glibc-2.23/elf/dl-cache.c
cfn=(204) _dl_unload_cache
calls=1 322 
* 15 4 2 3 1 0 3
+5 8 7 0 0 1
2043 3 1 0 1 0 0 1
+7 1 0 1
+2 3
+19 1
-19 4 1 1 1 0 0 1
+2 1
+2 12 8 0 0 1
+5 8 8
+2 8
+6 4 0 4
+2 8
+1 24 6 3 0 2
cfi=(44)
cfn=(164)
calls=3 149 
* 65597 17828 7470 100 914 256 100 828 236
+4 14 5 0 0 2
-22 10 0 0 1 0 0 1
+25 1
+2 5 1 0 0 1
+6 1 1
-6 1 0 1
+6 1
-10 2 0 1
cfi=(31)
cfn=(198)
calls=1 890 
* 20 8 5 2 2 1 2
* 1
-12 1 0 1 1 0 0 1
+1 1 1 0 1 0 0 1
-3 2
-85 1 0 0 1 0 0 1
+11 1 1 0 1 0 0 1
-7 1 1
-4 1 0 1
+4 3 1 2
+4 2 1 1
+3 1
1491 2 0 1 1 0 0 1
cfi=(11) /build/glibc-t3gR2i/glibc-2.23/string/../sysdeps/x86_64/strlen.S
cfn=(22) strlen
calls=1 66 
* 34 5 0 1 0 0 1
* 8 0 1 1 0 0 1
cfi=(18)
cfn=(46)
calls=1 61 
* 87 14 13 3 0 0 3
* 1 0 1
+3 6
+3 3 0 1
cfi=(17)
cfn=(80) strsep
calls=1 354 
* 766 239 1
* 3 0 1
cfi=(17)
cfn=(80)
calls=1 354 
* 6 3
* 6
+1 2 1
+1 3 1 0 1 0 0 1
+2 4 0 1
cfn=(94)
calls=1 654 
* 2462 510 297 94 19 30 94 19 30
* 2
1635 2 0 1 1 0 0 1
1503 1 0 0 1 0 0 1
+2 6 0 1

fn=(98) _dl_initial_error_catch_tsd
648 8 4

fn=(150) version_check_doit
513 2 0 1 1 0 0 1
+2 4 2 1
cfi=(43)
cfn=(152)
calls=1 380 
* 2576 692 254 23 22 14 23 21 14
* 2
+4 2 2 0 1

fn=(52)
694 10 5 5 0 0 1

fn=(2) _dl_start
337 9 0 6 1 0 1 1 0 1
+18 4
fi=(5)
59 1
fe=(2)
355 1 0 1 0 0 1 0 0 1
fi=(3)
45 1 1 0 0 1 0 0 1
fi=(5)
+14 2 1 0 0 1 0 0 1
fe=(2)
381 1 0 1 1 0 1 1 0 1
fi=(3)
45 1
fe=(2)
378 1 0 1
fi=(3)
45 1
+25 2
-3 1
-7 1
+5 1
+3 1
+2 1 0 0 1 0 0 1
-3 1
-3 1
-3 2
-13 26 0 13 0 0 4 0 0 4
+23 13
-26 39 13 0 0 4 0 0 4
+26 1
-26 3 1
+2 36
+13 20 0 0 1 0 0 1
+1 16 0 4 0 0 3 0 0 3
+10 4
-26 12 4 0 0 1 0 0 1
+33 2
+20 4 1 1
+1 4 1 1 1 0 0 1
+1 4 1 1
+1 4 1 1
+2 4 1 1
+5 4 1 1 1 0 0 1
+1 4 1 1
+1 4 1 1
+6 3 1
+5 2 1 0 1 0 0 1
+7 3 1
+1 3 2
+8 3 1
+2 3 1 0 1 0 0 1
+3 2 1
+1 2 1
fe=(2)
392 2
286 1 0 0 1 0 0 1
399 1 0 1 0 0 1 0 0 1
286 1 0 1 0 0 1 0 0 1
cfi=(6)
cfn=(10)
calls=1 956 
* 23 7 6 2 1 0 2 1
+1 2 0 1
+1 2 0 1 0 0 1 0 0 1
+1 2 0 1 1 0 0 1
+1 2 0 1
+8 1
+9 1
-9 3
+9 1
-6 1 0 1
-3 1 0 1 0 0 1 0 0 1
+9 1 0 1
cfi=(7)
cfn=(12) _dl_sysdep_start
calls=1 86 
* 87932 22915 10364 595 1129 463 592 1002 440
* 1 0 0 1
+9 1
+3 4 1 0 1 1
+4 1 1
-4 1 0 1 0 0 1
+4 1
424 9 7 0 0 1
fi=(3)
62 4 0 0 2 0 0 2
+3 4
fe=(2)
397 26 9 0 2 0 0 2
fi=(4) /build/glibc-t3gR2i/glibc-2.23/elf/do-rel.h
84 1 1
+27 1
-28 1 1
+28 2
+1 2 1 0 1 1 0 1 1
fi=(5)
517 2 1
fi=(4)
112 18 9 0 0 1 0 0 1
fi=(5)
517 18 9 0 0 1 0 0 1
+1 20 10 0 0 2 0 0 2
fi=(4)
111 20
fi=(5)
518 10 0 10 0 0 2 0 0 2
fi=(4)
111 10
+5 2 1
+8 1
fi=(5)
312 1
fi=(4)
124 2 0 0 1 0 0 1
+12 1 1
+1 3 1
fi=(5)
266 1
fi=(4)
137 1
fi=(5)
294 1
fi=(4)
137 2
fi=(5)
294 1
fi=(4)
136 5 5 0 0 2 0 0 2
+1 15 5
fi=(5)
266 5
fi=(4)
137 5
fi=(5)
294 5
fi=(4)
137 10
fi=(5)
294 5
+9 12
+3 6 6 0 0 4 0 0 4
-3 12 12 0 0 2 0 0 2
+3 18
+6 36 6 0 0 1 0 0 1
fi=(3)
68 4 0 0 1 0 0 1
+2 3 0 1 1 0 1 1 0 1
fi=(5)
425 12 6 6 0 0 1 0 0 1
fi=(4)
124 19
fe=(2)

fl=(65)
fn=(258) _dl_runtime_resolve_avx
64 1 0 1 1 0 0 1
+3 1
+2 1
+2 1
+3 1 0 1
+1 1 0 1
+1 1 0 1 1 0 0 1
+1 1 0 1
+1 1 0 1
+1 1 0 1
+1 1 0 1
+1 1 0 1
+1 1 0 1
+1 1 0 1 0 0 1
+1 1 0 1
+1 1 0 1 1 0 0 1
+1 1 0 1
+1 1 0 1
+1 1 0 1
+5 1
+1 1
+1 1
+1 1 0 0 1 0 0 1
+14 1 1
+1 1 1
+1 1 0 1
cfi=(66)
cfn=(260)
calls=1 -46 
* 920 238 88 5 4 1 5 3
+1 1
+5 1
+1 1
+1 1
+1 1
+13 1 1 0 1 0 0 1
+1 1 1
+1 1 1
+1 1 1
+1 1 1
+1 1 1
+1 1 1
+1 1 1
+1 1 1
+1 1 1 0 1 0 0 1
+1 1 1
+1 1 1
+1 1 1
+1 1 1
+1 1 1
+2 1
+2 1 1
+4 1
+3 1
cob=(3)
cfi=(67)
cfn=(264)
calls=1 -25 
* 2848775787 850140512 500051134 273 7247 26563229 271 6544 3128216

fn=(259)
64 3 0 3
+3 3
+2 3
+2 3
+3 3 0 3 0 0 2 0 0 2
+1 3 0 3
+1 3 0 3
+1 3 0 3
+1 3 0 3
+1 3 0 3
+1 3 0 3
+1 3 0 3 0 0 2 0 0 2
+1 3 0 3 0 0 1 0 0 1
+1 3 0 3 0 0 1 0 0 1
+1 3 0 3 0 0 1 0 0 1
+1 3 0 3 0 0 1 0 0 1
+1 3 0 3 0 0 1 0 0 1
+1 3 0 3 0 0 1 0 0 1
+1 3 0 3 0 0 1 0 0 1
+5 3
+1 3
+1 3
+1 3
+14 3 3
+1 3 3
+1 3 0 3 0 0 1 0 0 1
cfi=(66)
cfn=(260)
calls=3 -46 
* 2772 744 273 8 90 23 8 88 22
+1 3
+5 3
+1 3
+1 3
+1 3
+13 3 3
+1 3 3
+1 3 3
+1 3 3
+1 3 3
+1 3 3
+1 3 3
+1 3 3
+1 3 3
+1 3 3
+1 3 3
+1 3 3
+1 3 3
+1 3 3
+1 3 3
+2 3
+2 3 3
+4 3
+3 3
cfi=(86) /build/glibc-t3gR2i/glibc-2.23/elf/dl-open.c
cfn=(350) _dl_find_dso_for_object
calls=1 +23 
* 32 13 0 4 3 0 4 3
cob=(3)
cfi=(75)
cfn=(314)
calls=1 28 
* 60725 14701 693 171 1194 72 170 1164 65
cob=(3)
cfi=(73)
cfn=(298)
calls=1 288 
* 43 12 7 5 2 1 5 0 1

fl=(32)
fn=(96)
163 6 0 3 1 0 0 1
+15 3
-3 6 0 6 0 0 4 0 0 4
+1 6 0 6 1 0 0 1
-13 6 0 6
+14 6 0 6 0 0 1 0 0 1
+1 3 0 3
+2 3 3 3
cfi=(2)
cfn=(98)
calls=3 648 
* 6 3
+2 3
-1 3 3
+4 3
-3 6 0 6
+3 3
-4 3 0 3
+4 3 0 3 1 0 0 1
cfi=(33) /build/glibc-t3gR2i/glibc-2.23/setjmp/../sysdeps/x86_64/setjmp.S
cfn=(100) __sigsetjmp
calls=3 26 
* 60 15 24 2 0 1 2 0 1
* 9
+2 9 6 3
cfi=(40)
cfn=(134)
calls=2 60 
* 5364 985 647 71 26 62 71 26 62
cfi=(2)
cfn=(102)
calls=1 480 
* 2372 486 261 85 19 28 85 19 28
+1 6 6
+2 3 3
+1 3 3
-3 3 0 3
+1 6 3 3
+1 3 0 3
+9 3
-8 3 0 3 1 0 0 1
+8 9 6

fn=(148)
205 10 0 6 1 0 0 1
+1 1 1 1
cfi=(2)
cfn=(98)
calls=1 648 
* 2 1
+5 1 1
-1 1 1
-4 1
+9 1 0 1
+2 1
-3 1 0 1
+3 1 0 1
cfi=(2)
cfn=(150)
calls=1 513 
* 2586 696 256 25 22 14 24 21 14
+2 1 0 1
+1 1 0 1
+1 8 7 0 1 0 0 1

fl=(95)
fn=(386)
130 8 0 6 1 0 1 1
+17 1 0 1
+3 15 2 2 1 0 0 1
+3 2 1 1 1 0 0 1
cfi=(2)
cfn=(50)
calls=1 688 
* 2 1 1
+2 1 1 0 0 1
+3 2
+2 6 3 0 1 1 0 1
+8 1
-3 1 0 1
+3 8 0 1
+7 8 4 0 0 3
+2 8 0 0 1 0 0 1
+2 4
+1 4 0 4 0 0 4 0 0 2
+5 4 0 4 0 0 2
-6 4 0 4
-6 4 4 0 0 1
+8 4
-8 9
+14 9 1 1 1 0 0 1
+1 2 1
+4 1 1
31 1 0 1
+2 1
192 1 0 1
33 1
+6 1
-1 1 0 0 1 0 0 1
+2 1
-2 2 0 1
+1 8 0 1
+1 1 0 1
cfi=(27)
cfn=(74)
calls=1 +13 
* 15 1 2
* 1
+77 15 3 3
+3 16 4 2
cfi=(27)
cfn=(74)
calls=2 -67 
* 37 2 3
* 6 3 0 1 0 0 1
-76 9 3 3
+1 9 6
+4 12 6 0 1 0 0 1
+6 6 3
+1 6 3
+2 15 9
+1 7
+2 9 3 0 1 1 0 1 1
+1 6
201 3 2 1 1 0 0 1
cfi=(2)
cfn=(52)
calls=1 694 
* 2 1 1
+5 3 1
81 4 1 1
208 1 1
+2 3 1 0 1 0 0 1
-2 3 3
+2 9 3
+3 8 0 4
+3 12 4 0 0 4 0 0 2
+4 4 2
+9 2 2 0 0 2 0 0 1
+3 2 2 0 0 1 0 0 1
-3 2 2 0 0 2
+3 4 2
+2 8 0 0 1 0 0 1
+1 4 2 2 0 2 0 0 2
cob=(4)
cfi=(54)
cfn=(400)
calls=1 0 
* 78 24 13 6 4 0 6 4
cob=(5)
cfi=(64)
cfn=(388) 0x0000000000400520
calls=1 0 
* 16 5 4 0 1 0 0 1
-1 8 2 0 0 2 0 0 2
+5 4
+1 6 4 2 0 2 0 0 2
cob=(2)
cfi=(16)
cfn=(420)
calls=1 0 
* 3 1 0 2 0 0 2
cob=(2)
cfi=(16)
cfn=(398)
calls=1 0 
* 3 1 0 1
+6 24 8 0 1 1 0 1 1
+16 8 0 4
-56 11 6
+11 6 2 0 0 2 0 0 1
92 9 3 0 1 0 0 1
+21 3
-57 8 3
268 4 2 0 2 0 0 2
+2 1 0 1
-2 2
+6 2 1
+7 8 7

fl=(10) /build/glibc-t3gR2i/glibc-2.23/elf/../sysdeps/unix/sysv/linux/x86_64/brk.c
fn=(18) brk
31 7 0 1 1 0 1 1 0 1
+8 1
-6 2 0 0 1 0 0 1
+7 1 1

fl=(30)
fn=(92)
74 2 2

fn=(88)
50 8 0 0 1 0 0 1
+5 6
+5 2
-1 1 0 1
+1 2 1
+1 2 0 1
-1 1 0 1
+4 1 1
-13 4 4 0 1 0 0 1
+4 8 4 0 1 0 0 1
+4 1
-1 1 0 1
-58 4 3

fl=(27)
fn=(74)
53 13 0 0 1 0 0 1
+1 13
+1 13
+1 13
+1 13 0 0 1 0 0 1
+2 13
+1 13
+1 11
+1 11
+15 2 0 0 1 0 0 1
+1 2 0 2 0 0 1 0 0 1
+1 2
+1 2 0 2 0 0 2 0 0 2
+1 2 0 2
+1 2 0 2
+1 2 0 2 0 0 1 0 0 1
+1 2 0 2
+1 2 0 2
+1 2 0 2
+1 2
+1 2
+1 2
+1 4
+3 2 0 2
+1 2 0 2
+1 2 0 2
+1 2 0 2
+1 2
+1 2
+1 2
-6 34 0 34 0 0 33 0 0 33
+1 34 0 34
+1 34 0 34
+1 34 0 34
+1 34
+1 34
+1 34
+1 2 2
+3 11 0 0 1 0 0 1
+1 11
+1 11
+1 4
+1 4
+1 2
+1 2
+3 2
+1 2
+1 2 0 2
+1 2 2
+2 2 0 2
+1 2 0 2
+1 2 2
+2 7 0 7 0 0 1 0 0 1
+1 7 0 7 0 0 1 0 0 1
+1 7 7

fl=(6)
fn=(174) check_match
92 624 156 312 1 10 1 1 9 1
+3 546 156 0 0 7 0 0 7
+12 468 78 78 1 0 4 1 0 2
+3 368 28 14
cfi=(19)
cfn=(54)
calls=14 +34 
* 554 111 0 11 15 0 11 14
* 28
+5 78
-1 78 78 0 1 2 0 1 1
+1 78
+2 154
+19 154 154 0 0 6 0 0 3
+1 616 231 0 0 5 0 0 3
+46 78 0 0 1 0 0 1
-7 78
+7 390 390
-18 2
+2 1 1
+1 4
-1 5 1
-29 231 154 77 2 0 0 2
cfi=(19)
cfn=(54)
calls=77 +6 
* 1848 539 0 0 4 0 0 2
* 231

fn=(10)
956 12 4 0 1 0 0 1
+4 4 4
+4 8 4 4 0 4 0 0 4
+2 4 4 0 0 1 0 0 1
-1 4 4
+3 12
+1 4 0 4
+1 4
+3 4
-3 4 4
+7 4
-4 4
-1 4 0 4 1 0 0 1
+3 4 0 4
+2 4
-7 4 0 4
+7 4 0 4
+1 4 4

fn=(170)
806 924 0 504 1 0 4 1 0 2
568 84 84 0 0 67 0 0 66
806 336 84 252 0 0 4 0 0 3
568 420 0 0 1 0 0 1
+1 84
-1 84
+1 252
-1 252 84 0 0 1 0 0 1
+1 1083
-1 1083
+1 3249
-1 3417 1083 84 0 15 0 0 14
808 84
+4 84 0 84 0 0 2 0 0 1
+4 84 0 0 1 0 0 1
-8 84 0 84 0 0 2 0 0 1
+1 168 0 168
+7 238 77
+7 84 84
-2 84
+2 84 84 0 0 2 0 0 1
-2 84
+6 84 0 0 1 0 0 1
-7 84 0 84
+7 168
-7 504 168 168
+15 6
-8 30 6
+2 1176 588 588 2 0 5 2 0 3
cfn=(172) do_lookup_x
calls=84 355 
* 30365 10251 3936 37 258 17 37 208 11
+3 252
+26 168 84
+22 78 78
+1 546 156
+31 78 0 0 1 0 0 1
+9 390 78
+14 234 78 0 0 4 0 0 2
+3 312 156
+5 78 0 78 1 0 0 1
+2 672 588
-85 42 12 0 1 0 0 1
+16 6 0 6
+1 12
+59 2 0 1 1 0 0 1

fn=(172)
355 588 0 504 1 0 1 1 0 1
+1 84 84 0 0 2 0 0 1
-1 420 84 336 1 0 8 1 0 5
+48 84
-30 84 84
-11 84 84
+41 84
+7 168 84 84
-7 168 0 84
-30 336 0 168 1 0 0 1
+37 336 0 84
-44 168 168 0 0 4 0 0 2
+3 168
-3 360 360 0 0 8 0 0 4
+3 360
+4 528
+4 528 264 0 1 7 0 1 3
+4 528 264 0 0 2 0 0 1
+6 792 264 0 0 3 0 0 2
+8 264 264 0 0 7 0 0 3
-4 264 0 264
+1 264 0 264 1 0 0 1
+3 528 264 264 0 7 0 0 3
+1 792 528 264 0 1
+3 264 264
+1 528
+2 528 528
+8 264 264
-8 264 264 0 0 41 0 0 37
+8 2640 528 0 1 0 0 1
-99 186
553 1332 506 0 1 3 0 1 1
+1 42 0 21
cfi=(34)
cfn=(106)
calls=21 288 
* 2043 419 84 0 17 1 0 8 1
* 63
+3 558
+3 6
+1 672 588 0 1 0 0 1
-92 156 78 0 1 0 0 1
+50 580 78
+4 33 11 0 0 1
+12 156 78 78 1 0 0 1
+1 78 0 78
+1 156
413 492 246 0 1 46 0 1 45
+2 164 0 0 1 0 0 1
+2 1066 328 410 1 0 0 1
+13 246
-10 800 160 0 0 60 0 0 59
+2 156 78
+1 390 156 312 1 0 0 1
-1 78
+1 546 312 78
-1 78
+1 234 78 78 0 0 2 0 0 1
cfn=(174)
calls=78 92 
* 6614 2077 481 17 49 5 17 39 3
+4 234 0 0 1 0 0 1
+34 8 4 0 1 0 0 1
+94 28 20 0 2 0 0 2
439 702 390 0 2 0 0 2

fl=(36) /build/glibc-t3gR2i/glibc-2.23/io/../sysdeps/unix/sysv/linux/wordsize-64/fxstat.c
fn=(120) _fxstat
34 3 0 0 1 0 0 1
-1 3
+1 3
+1 18
+4 3 3

fl=(11)
fn=(22)
66 14 0 0 1 0 0 1
+1 14
+1 14
+1 14
+1 14
+1 14
+1 14
+2 14
+2 14
+30 13 13
+1 13
+1 13
+1 13
+1 13
+1 6
+1 6 6
+4 7
+1 7 7 0 1 0 0 1
+1 7 7
+1 7 7
+1 7
+1 7
+1 7
+1 7
+1 7
+1 7
+1 7
+1 7
+5 56 7
+4 1 0 0 1 0 0 1
+1 14 4 0 1 0 0 1
+1 8 1

fl=(15)
fn=(32)
61 42 0 30 1 0 3 1 0 3
+1 3 0 3 0 0 1 0 0 1
cfi=(11)
cfn=(22)
calls=3 +4 
* 66 9
+6 3 3 0 0 1 0 0 1
-6 6
+6 6 0 0 1 0 0 1
+7 12 0 6
cfi=(17)
cfn=(36)
calls=3 +28 
* 120 21 16 6 0 0 5
* 3 3 0 1 0 0 1
+3 3
-3 3
+3 3
+4 3
+5 6 6 0 1 0 0 1
-6 3 0 3 0 0 2 0 0 2
+6 3
-5 3 0 3 0 0 3 0 0 3
+3 6 0 3 0 0 1 0 0 1
+2 3 0 3
cfi=(18)
cfn=(46)
calls=3 -26 
* 88 13 10 3 0 3 3 0 3
+10 3 3
-10 3 0 3 0 0 1 0 0 1
+10 3
-8 3 0 3
+9 6 6 0 0 3 0 0 3
-1 9 3 0 1 0 0 1
+1 9
+3 3 3
-4 3 0 3 0 0 1 0 0 1
+1 3 0 3
+3 3
+9 3
-7 3 0 3
+4 3 0 3
+3 9 0 0 1 0 0 1
+2 2 0 1 0 0 1 0 0 1
-2 2
+2 30 0 15 0 0 3 0 0 3
-2 30
+12 3
+6 3
-5 3 0 3 0 0 3 0 0 3
-1 3 0 3
+6 15 3 0 1 1 0 1 1
+2 2
+3 2
-3 2 0 2 0 0 1 0 0 1
+3 2
-3 4
+7 6 2
+4 4
+2 5 1 0 1 0 0 1
+6 1 0 1
+6 1
-3 2 0 1
+3 4 0 1 1 0 0 1
-3 4 0 2 0 0 1 0 0 1
+3 4 0 2
+2 6 2 2
cfi=(11)
cfn=(22)
calls=2 -91 
* 68 10
+4 2 2
-4 8 0 2
+4 6
+64 4 0 2
+4 24 21
68 30 3 0 2 0 0 2
+34 8 2 3 0 0 3 0 0 3
+39 8
+70 6 4 2 2 0 0 2
cfi=(25)
cfn=(70)
calls=2 61 
* 71 12 10 3 0 2 3 0 2
* 42
+6 40 40
-1 40
+1 42 2
-1 2
+1 6
+5 4 0 2
-89 2 0 0 1 0 0 1
+32 4 0 2
cfi=(17)
cfn=(40)
calls=2 -71 
* 58 12 10
* 2 2
+1 2
-1 2
+1 6
+2 1 0 0 1 0 0 1
-35 2

fn=(48)
32 15 0 9 1 0 0 1
+2 6 3 3 1 0 0 1
cfi=(2)
cfn=(50)
calls=3 688 
* 6 3 3 1 0 1 1 0 1
+2 3
-2 3
+2 19 3
+3 15 5
+2 2 0 2
+2 2 0 2
+4 2
+4 2
-4 4 0 2
+1 2 2
+4 4 4
-4 2 0 2
+1 2
+3 2 2
-3 2 0 2
+2 2 2
cfi=(2)
cfn=(52)
calls=2 694 
* 4 2 2
-4 1
+4 1
-4 2 0 1
+1 1 1
+4 2 2
-4 1 0 1
+1 1
+3 1 1
-3 1 0 1
+2 1 1
cfi=(2)
cfn=(52)
calls=1 694 
* 2 1 1
-5 2 0 1 1 0 0 1

fl=(17)
fn=(80)
354 8 4 0 1 0 0 1
+2 4 4
+1 8
+4 132 2 0 1 0 0 1
+7 366 122
-2 244 122
+13 2 0 2
+4 4 4
-7 61
-15 187 61

fn=(44)
52 66 0 44 1 0 0 1
+1 87 43 0 1 0 0 1
+11 63
+3 21
-3 21 0 21
+3 42
-3 3
+3 1
-3 1 0 1
+3 78
+4 12 3 0 1 0 0 1
+1 6
+6 24 0 3
cfi=(26)
cfn=(72)
calls=3 -45 
* 99 21 18 3 0 0 3
+2 15 6
+4 9 0 3
+3 3 0 3
+1 3 0 3
+2 15 9
-3 19 0 19
+1 19 0 19
+2 95 57
-31 2 1 0 1 0 0 1
-1 5 0 1

fn=(36)
103 8 0 0 1 0 0 1
+8 24
-4 8
+4 16
+3 8
cfn=(40)
calls=8 -20 
* 289 58 49 5 0 0 4
* 8 8

fn=(86)
120 1 0 1 1 0 0 1
+2 3 1
+7 2 2

fn=(40)
94 21 0 0 1 0 0 1
+1 42
cfn=(44)
calls=21 -43 
* 633 125 122 7 0 0 7
* 21 21 0 1

fl=(1) ???
fn=(0) 0x0000000000000cc0
0 2 0 1 1 0 1 1 0 1
cfi=(2)
cfn=(2)
calls=1 337 
0 88580 23052 10431 617 1153 482 612 1024 458
0 14 3 2 1 1
cfi=(53)
cfn=(210)
calls=1 80 
0 1610 244 124 51 21 5 50 6 5
0 3
cob=(5)
cfi=(64)
cfn=(250) _start
calls=1 0 
0 2848776773 850140772 500051244 287 7251 26563231 285 6547 3128216

fl=(25)
fn=(70)
61 17 0 0 1 0 0 1
+4 17
+3 16
+1 16
+2 7 7 0 0 2 0 0 2
+1 7 0 7 0 0 1 0 0 1
+2 7
+1 7
+5 7
+1 7
-1 9
+1 9
+2 10 10
+1 10 0 10 1 0 0 1
+2 10
+1 10
+5 10
+1 10
-1 6
+1 6
+2 5 5
+1 5 0 5
+2 5
+1 5
+5 5
+1 5
-1 11
+1 11
+2 7 7
+1 7 0 7 0 0 1 0 0 1
+2 7
+1 14
+5 7
+1 7
-1 9
+1 11
+5 2 2
+1 2 2
+1 2 0 2 0 0 1 0 0 1
+1 2 0 2
+2 2
+2 2
+1 2
+2 2
+6 16 0 0 1 0 0 1
+4 16 16
+12 2
+2 2
+1 2
+26 2 0 0 1 0 0 1
+1 2
+3 2
+1 2
+1 2
+5 2
+2 2 2
+1 2 2
+1 2 2
+1 2 2
+2 2 0 2
+1 2 0 2 0 0 1 0 0 1
+1 2 0 2
+1 2 0 2 0 0 1 0 0 1
+2 2 0 0 1 0 0 1
+1 2
+2 2
+22 2 0 0 1 0 0 1
+2 2
+2 1
+7 1 1

fl=(44)
fn=(164)
149 40 0 24 1 0 0 1
+15 4
-15 8 0 8 1 0 0 1
+15 4
+1 24 4 4 0 1
+6 8 4
+6 12 4 0 1 0 0 1
-18 8
+22 8 4
+7 4 4
-32 4 0 4
+32 4
+44 4 4
fi=(5)
76 12 4 0 1 0 0 1
fe=(44)
232 8 4 4
fi=(5)
76 12
+6 6 6 0 0 2
+4 9 3 0 0 3 0 0 2
+14 3 3
-8 3 0 3
+10 3 3
-2 6
+20 6 0 0 1 0 0 1
+9 3 1 0 0 1
fe=(44)
258 164 43 52 3 10 0 3
-98 18 0 9
fi=(5)
301 24 0 12 1 0 0 1
fe=(44)
-43 3 3
fi=(4)
58 3 3
-10 3 3
-1 6 3
+11 3
-11 3 0 3
+11 3
fe=(44)
258 1
-98 6 0 3
fi=(5)
301 8 0 4
fe=(44)
-43 1 1
fi=(4)
58 1 1
-10 1 1
-1 2 1
+11 1
-11 1 0 1
+11 1
fe=(44)
258 4 4 0 0 1
fi=(4)
58 4 4
-10 4 4
-1 8 4
+11 4
-11 4 0 4
+11 4
+3 15 0 0 1 0 0 1
fi=(5)
528 18 9
+4 18
+2 27 9
+1 9 0 9 0 0 2 0 0 1
fi=(4)
61 48
+2 68 17 0 1 6 0 1 6
+2 26
-4 3
+13 6
+1 5 1
+1 16 8
fi=(5)
528 8 8
+26 8 8
fi=(4)
75 8
fi=(5)
554 16 8 8
cob=(3)
cfi=(52)
cfn=(196)
calls=1 0 
* 11 3 0 2 0 0 2
cob=(3)
cfi=(51)
cfn=(192)
calls=1 37 
* 66 8 5 3 0 0 3
cob=(3)
cfi=(50)
cfn=(190)
calls=1 30 
* 6 3 0 1 0 0 1
cob=(3)
cfi=(49)
cfn=(188)
calls=1 45 
* 6 3 0 1 0 0 1
cob=(3)
cfi=(45)
cfn=(186)
calls=1 129 
* 5 3 0 2 0 0 2
cob=(3)
cfi=(49)
cfn=(184)
calls=1 45 
* 6 3 0 1 1 0 1
cob=(3)
cfi=(46)
cfn=(178)
calls=1 38 
* 66 8 5 5 2 0 5 1
cob=(3)
cfi=(45)
cfn=(176)
calls=1 109 
* 5 3 0 2 1 0 2
fi=(4)
75 8
fi=(5)
555 8 0 8
fi=(4)
75 11 1 1
fe=(44)
258 2 1
fi=(4)
75 14 7 7 1 0 0 1
fe=(44)
258 14 7 0 1 0 0 1
+3 16 4
+24 4 0 4
+3 8 4
+17 12 4 0 0 3
+2 32 28 0 0 1
fi=(4)
84 5 5 0 1 0 0 1
-1 5 5
+3 10 5
-3 5 0 5
+3 5
+12 15
+10 6 0 0 1 0 0 1
+3 8
fi=(5)
512 2 2 0 0 1 0 0 1
fi=(4)
112 4 2
fi=(5)
512 1194 1190 0 0 297 0 0 297
fi=(4)
112 2380 1190
fi=(5)
512 2380
+5 2384
+1 2384 1192 0 0 150 0 0 150
fi=(4)
111 2384
fi=(5)
518 1192 0 1192 0 0 224 0 0 222
fi=(4)
111 1192
+7 15 5 0 1 4 0 1
+6 4 4 0 0 1
-3 8 4 4 0 3 1
+3 10 0 3 0 0 1
fi=(5)
447 9 0 3
fi=(4)
127 368 92 0 1 25 0 1 21
+9 184 92
+3 92
-3 92
+3 92 92
fi=(5)
269 92
fi=(4)
138 92 92 0 0 1
-2 92 92 0 0 46 0 0 43
+1 368 92 92 1 0 0 1
fi=(5)
269 92
+21 184
+4 184
+7 1755 170 0 2 75 0 2 68
fi=(4)
137 75
fi=(5)
301 150 0 75
fi=(4)
137 75
fi=(5)
301 75 0 75
fi=(4)
137 75
fi=(5)
301 1200 375 375 1 3 1 1
cfi=(6)
cfn=(170)
calls=75 806 
* 41832 12301 5405 39 274 11 39 223
* 600 375 150 1 0 0 1
+2 234
+3 90 90
-3 180 180 0 0 1
+3 270
+6 552 92 0 0 2 0 0 2
fe=(44)
178 8 4 0 1 3 0 1
fi=(5)
435 234 78 78 1 9 9 1 9 5
fi=(4)
124 282 95 0 1 0 0 1
+19 6
fi=(5)
301 54 0 0 1 0 0 1
fi=(4)
108 3 1 0 1 1 0 1 1
fi=(5)
407 42 14 0 2 0 0 2
+4 70 14 0 0 1
+14 70 28 14 0 1 7 0 1 7
fe=(44)
313 20 12 4 2 0 0 2
+3 4
-3 8
+3 4
+4 8
+1 16 0 4
cfi=(38) /build/glibc-t3gR2i/glibc-2.23/misc/../sysdeps/unix/syscall-template.S
cfn=(124) mprotect
calls=4 84 
* 20 4
* 12 4
fi=(5)
123 15 0 3 2 0 0 2
+6 12 3 0 0 2
fe=(44)
258 3 0 1
fi=(4)
129 8
fi=(5)
301 87 9 6 4 0 0 4
fi=(4)
160 7 1 3 1 0 0 1
+2 20 5 0 1 2 0 1 2
+8 10 5
+1 5 5
-1 5
+1 5 5
fi=(5)
+98 5
fi=(4)
-99 15 0 5
fi=(5)
+99 5 0 0 1 0 0 1
+21 10
+4 10
+7 180 30 30 2 4 0 2 3
cfi=(6)
cfn=(170)
calls=5 806 
* 2409 652 295 0 8 0 0 6
* 35 20 10 1 0 1 1
+2 15
+3 1 1
-3 2 2
+3 3
+6 30 5 0 1 1 0 1 1
435 15 5 5 0 0 1 0 0 1
fi=(4)
160 17 7 0 1 0 0 1
+14 2
fi=(5)
301 6 0 0 1 0 0 1
fe=(44)

fl=(18)
fn=(46)
61 14 0 0 1 0 0 1
+2 14
+2 14
+3 12
+1 12
+2 4 4
+1 4 0 4 0 0 2 0 0 2
+2 4
+1 4
+5 4
+1 4
-1 8
+1 8
+2 5 5
+1 5 0 5 0 0 1 0 0 1
+2 5
+1 10
+5 5
+1 5
-1 7 0 0 1 0 0 1
+1 7
+2 2 2
+1 2 0 2
+2 2
+1 2
+5 2
+1 2
-1 10
+1 10
+2 7 7
+1 7 0 7
+2 7
+1 7
+5 7
+1 7
-1 5
+1 10
+5 5 5
+1 5 5
+1 5 0 5
+1 5 0 5 0 0 1 0 0 1
+2 5
+2 5
+1 5
+2 5
+8 12 12 0 1 0 0 1
+8 6 0 6
+6 6
+2 6
+1 6
+3 2
+1 6
+5 2 2
+1 2 0 2
+2 2
+2 2
+1 2
+2 2 0 0 1 0 0 1
-8 9 9
+1 9 0 9
+2 9
+2 9
+1 9
+2 13
+9 2
+1 2
-1 4
+1 4
+3 6
+1 6
+1 6
+5 5
+2 5 5
+1 5 5
+1 5 5
+1 5 5
+2 5 0 5 0 0 1 0 0 1
+1 5 0 5
+1 5 0 5
+1 5 0 5 0 0 1 0 0 1
+2 5 0 0 1 0 0 1
+1 5
+2 5
+22 6 0 0 1 0 0 1
+6 6 6
+1 6
+2 2 2

fl=(33)
fn=(100)
26 3 0 3 1 0 0 1
+9 3
+1 6 3
+1 3 0 3
+4 3 0 3
+1 3 0 3
+1 3 0 3
+1 3 0 3
+1 3
+2 6 3
+2 3 0 3 0 0 1 0 0 1
+1 3 3
+1 3
+2 6 3 0 1 0 0 1
+2 3 0 3
+4 3
+1 3 3

fl=(7)
fn=(12)
86 8 0 6 1 0 0 1
+25 1 1
-1 1 0 1
+1 267 87 3 1 11 2 1 11 2
+6 1 1 0 0 1 0 0 1
-3 1
+1 1 0 1
-4 1 0 1 0 0 1 0 0 1
+3 1 0 1 0 0 1 0 0 1
+3 4 2 0 1 1 0 1 1
+1 2 1
-1 25 5 11 2 0 0 2
+1 105 17 0 0 2 0 0 2
-1 102 26 6 2 4 0 2 4
+62 1 1 0 1 0 0 1
+1 1 0 1
-1 1 0 1
+1 1
-29 1 1
+1 2
+11 1 1 0 1 0 0 1
+1 1 0 1
-1 1 0 1
+1 1
-7 1 1 0 1 0 0 1
+1 1
-1 1 0 1
+1 1
-4 1 1
+1 2
-25 1 1
+1 2
-4 1 1 0 1 0 0 1
+1 2
-7 1 1
+1 1
+2 1 1
+1 1
fi=(9)
-90 2 0 1 1 0 1 1 0 1
cfi=(10)
cfn=(18)
calls=1 -4 
* 11 1 1 2 0 1 2 0 1
fi=(5)
223 5 2 0 0 1 0 0 1
fi=(8) /build/glibc-t3gR2i/glibc-2.23/elf/../sysdeps/x86/cpu-features.c
61 2
+3 1
-3 1 0 1
+3 9 0 0 1 0 0 1
175 3 1 0 1 0 0 1
+1 1 0 1
+3 2
+1 1 0 1
+2 2 1
+1 7 0 4 1 0 0 1
+7 3 1
+4 2
+2 4
+51 2 0 0 1 0 0 1
fe=(7)
-16 1
fi=(8)
+27 1 0 1
+1 1 0 1
+1 1 0 1
fe=(7)
-29 1
+1 1 0 1
cfi=(11)
cfn=(22)
calls=1 66 
* 32 5 0 3 0 0 3
* 1 0 1
+2 2 0 1
cfi=(12)
cfn=(24)
calls=1 34 
* 17 5 2 1 1 0 1 1
* 3
+12 3 1 0 1 0 0 1
+3 5 1 1
cfi=(2)
cfn=(26)
calls=1 738 
* 87185 22736 10301 561 1105 456 559 980 433
+1 1 1 0 1 1
+1 8 7 0 0 1
fi=(8)
-4 2 0 0 1 0 0 1
+1 2
+4 2 0 1
-52 2 0 0 1 0 0 1
+1 1 0 1
+6 3 1
+2 1 0 1
+3 3 0 0 1 0 0 1
+16 2
+1 1 0 1
+2 2 1
29 2 0 0 1 0 0 1
+4 1
-4 1 0 1
+5 1
-1 1
+2 1
-1 1
+1 1
-2 1
+1 1
+1 1
+1 1
-7 2 0 2
+3 1 0 1 1 0 0 1
+4 1
+5 1
+32 2
-32 1
+27 1
+5 1
+3 1
+1 8 1 0 1 1 0 1 1
+57 2 0 1 1 0 1 1 0 1
-66 2
+44 2 1 0 1 0 0 1
248 2 0 0 1 0 0 1
+3 2 0 1 1 0 0 1
fe=(7)

fn=(202)
256 1 1

fl=(14)
fn=(30)
24 13 0 0 1 0 0 1
+1 13
+1 13
+1 13
+1 13
+1 13
+1 13
+1 13
+3 13
+1 13
+1 5 5 0 0 1 0 0 1
+1 5 5 0 0 3 0 0 3
+1 5
+1 5
+1 5
+1 5
+1 5
+2 12 0 0 1 0 0 1
+1 12
+1 4 4
+1 4 4
+1 4
+1 4
+1 4
+1 4
+1 4
+2 12
+1 12
+1 5 5 0 1 1 0 1 1
+1 5 5 0 0 1 0 0 1
+1 5
+1 5
+1 2
+1 2
+1 2
+2 9
+1 9
+1 5 5
+1 5 5 0 0 2 0 0 2
+1 5
+1 5
+5 4 4 0 0 1 0 0 1
+1 4 4
+1 4
+1 4
+1 4
+1 4
+1 4
+1 2
+1 2
+1 2 2
+1 2 2
+1 2
+7 2
+2 3 3
+4 8 0 0 1 0 0 1
+1 8
+1 1
+1 1
+1 1
+1 1
+1 1
+1 1
+1 1
+1 1
+1 1
+1 1
+1 1 1
+4 9 0 0 1 0 0 1
+1 9 9

fl=(34)
fn=(106)
288 175 0 70 1 0 2 1 0 2
+1 70 35 35 1 1 0 1
cfi=(19)
cfn=(54)
calls=35 144 
* 1320 222 0 4 10 0 4 5
* 35
+1 35
-1 35
+3 35 35
+2 70
+4 36 36
-4 72
+1 117 39 39 0 4 0 0 2
cfi=(19)
cfn=(54)
calls=39 144 
* 1583 264 0 8 3 0 8 2
* 78
-5 3
+11 47 9 0 1 0 0 1
-1 32
+1 128 96

fn=(142) _dl_sysdep_read_whole_file
45 2 0 2 1 0 0 1
+7 1
-7 3 0 2
+7 1
-7 3 0 0 1 0 0 1
+7 1 0 1
cfi=(24)
cfn=(110)
calls=1 +32 
* 5 1
+1 2
+2 5 0 1
cfi=(36)
cfn=(120)
calls=1 -21 
* 10 1
* 2
+2 1 1
+3 1
-3 1 0 1
+3 1
+13 2 0 1
cfi=(24)
cfn=(130)
calls=1 +11 
* 5 1
+3 7 5
-14 6 0 1 1 0 0 1
cfi=(26)
cfn=(72)
calls=1 -29 
* 33 7 6
* 2

fl=(23) /build/glibc-t3gR2i/glibc-2.23/elf/dl-hwcaps.c
fn=(66) _dl_important_hwcaps
39 6 0 5 1 0 1 1 0 1
+3 1
-3 2 0 1 1 0 0 1
+3 1
-1 1 1
+1 1
+9 1 1
-12 4 0 4 0 0 1 0 0 1
+12 2
+10 4 1 1 1 0 0 1
162 2 0 0 1 0 0 1
-47 3 0 1 1 0 0 1
cfi=(24)
cfn=(68)
calls=1 -31 
* 9 1 1 2 0 0 2
* 2 0 0 1 0 0 1
+55 3 1 0 1 0 0 1
+2 2 1 1
+1 5 1 1
+4 2 1
+4 1
-4 1 0 1
+1 1 0 1
+3 1 0 0 1 0 0 1
+3 1
+1 1 1
-1 1
+4 3 1
+1 1
-1 9 1 2 1 0 0 1
+1 1
+18 10 2 4 2 0 0 2
+1 2
-1 1 0 1
+1 3 0 2 0 0 1 0 0 1
cfi=(17)
cfn=(40)
calls=1 94 
* 29 6 5
* 1 1
+1 1
-1 1 0 1
+1 5 4 0 1 0 0 1
+29 1
+3 1
-3 2 0 2 0 0 1 0 0 1
+3 1
+23 7 2 0 1 0 0 1
+6 2 0 1 1 0 0 1
-1 2
+1 6 0 3
-1 8 2
+5 6
+3 1
-3 1
+3 1
-3 3
+3 1
-3 1
+3 5
+1 12 0 0 1 0 0 1
+1 4 4
-1 4
+1 8 0 4
-2 4
+1 8
-1 14
+4 4
+4 1 1
-1 1 1
+2 1 1 0 1 0 0 1
-2 1
+1 1
+1 1
-2 1
+2 10 2 0 1 0 0 1
+13 2 1
+1 1
-1 1 0 1
+3 2
-3 2 1
+1 1
-1 1 0 1
+3 2
+3 4 3 1
+3 1
-1 1
+1 9 7 1 1 0 0 1
113 1 0 0 1 0 0 1
+17 1
+1 1
-1 9 0 1
243 6 3 3 1 0 0 1
cfi=(25)
cfn=(70)
calls=1 61 
* 22 3 2 3 1 1 3 1 1
* 4 0 1
cfi=(25)
cfn=(70)
calls=1 61 
* 18 2 1 0 1 0 0 1
+1 4 2 1
cfi=(25)
cfn=(70)
calls=1 61 
* 22 3 2
* 4 0 1 1 0 0 1
cfi=(25)
cfn=(70)
calls=1 61 
* 18 2 1
* 12 3 3

fl=(38)
fn=(124)
84 24 0 0 1 0 0 1
+1 6 6

fn=(206) munmap
84 4 0 0 1 0 0 1
+1 1 1

fl=(19)
fn=(54)
144 171 0 0 1 0 0 1
+1 171
+2 171
+1 171
+21 171
+1 171 0 0 1 0 0 1
+1 135
+1 135
+1 119 119 0 0 15 0 0 13
+1 119 119 0 0 4 0 0 1
+1 119 119
+1 119 119
+21 119
+1 119
+1 119
+1 119
+1 119
+1 119
+1 119
+5 5
+1 5
+9 5
+1 5
+1 5
+1 5
+1 5
+1 5
+1 5
+1 5
-7 52 0 0 1 0 0 1
+1 52
+1 52
+1 52
+1 52
+1 52
+1 52
+1 52
+1 55
+1 22
+1 22
+1 22
+2 22
+1 22
+1 22
+1 22 22 0 0 1
+1 22
+1 22
-5 33
+1 33
+1 33
+1 33 33 0 0 2 0 0 2
+1 33
+1 33
+10 2 2 0 1 0 0 1
+1 2
+1 2
+2 2 2
+6 2
+1 2
+1 2
+1 2
+1 2
+5 2
821 2 0 0 1 0 0 1
+1 2 2
+1 2 2
+1 2
+1 2
+2 2
+1 2
+1 2 0 0 1 0 0 1
+1 2
+1 2
+1 2
+1 2
1196 4 0 0 1 0 0 1
+1 4 4
+1 4 4
+1 4
+1 4
+2 4
+1 4
+1 4 0 0 1 0 0 1
+1 4
+1 4
+1 4
+1 4
1321 42 0 0 1 0 0 1
+1 42 42 0 0 1
+1 42 42 0 0 5 0 0 4
+1 42
+1 42
+2 42
+1 42
+1 42 0 0 1 0 0 1
+1 42
+1 42
+1 42
+1 42
+1 1 1
+4 1
+1 1
+1 1
+6 1
+1 1
+1 2
+4 1 0 0 1 0 0 1
+1 1
+3 1 1
+1 1 1
+1 1
+3 1
+1 1
+1 1
+6 1
+1 1
+1 1
+1 1
+1 1
+1 1 0 0 1 0 0 1
1571 1 0 0 1 0 0 1
+1 1 1
+1 1 1
+1 1
+1 1
+2 1
+1 1
+1 1 0 0 1 0 0 1
+1 1
+1 1
+1 1
+1 1
1696 1 0 0 1 0 0 1
+1 1 1
+1 1 1 0 0 1 0 0 1
+1 1
+1 1
+2 1
+1 1
+1 1 0 0 1 0 0 1
+1 1
+1 1
+1 1
+1 1
1821 3 0 0 1 0 0 1
+1 3 3
+1 3 3 0 0 1
+1 3
+1 3
+2 3
+1 3
+1 3 0 0 1 0 0 1
+1 3
+1 3
+1 3
+1 3
+1 3 3
+4 3
+1 3
+1 3
+6 3
+1 3
+1 6
+4 3 0 0 1 0 0 1
+1 3
+3 3 3
+1 3 3 0 0 1 0 0 1
+1 3
+3 3
+1 3
+1 3
+6 3
+1 3
+1 3
+1 3
+1 3
+1 3 0 0 1 0 0 1
+72 1 0 0 1 0 0 1
+1 1 1
+1 1 1
+1 1
+1 1
+2 1
+1 1
+1 1 0 0 1 0 0 1
+1 1
+1 1
+1 1
+1 1
+1 1 1
+4 1
+1 1
+1 1
+6 1
+1 1
+1 2
+4 1 0 0 1 0 0 1
+1 1
+3 1 1 0 0 1 0 0 1
+1 1 1 0 0 1 0 0 1
+1 1
+3 1
+1 1
+1 1
+6 1
+1 1
+1 1
+1 1
+1 1
+1 1 0 0 1 0 0 1
+72 1 0 0 1 0 0 1
+1 1 1 0 0 1 0 0 1
+1 1 1
+1 1
+1 1
+2 1
+1 1
+1 1 0 0 1 0 0 1
+1 1
+1 1
+1 1
+1 1
+2 1 1
+4 1
+1 1
+1 1
+6 1
+1 1
+2 2
+4 1 0 0 1 0 0 1
+1 1
+3 1 1
+1 1 1 0 0 1 0 0 1
+1 1
+3 1
+1 1
+1 1
+6 1
+1 1
+1 1
+1 1
+1 1
+1 1 0 0 1 0 0 1
+74 6
+2 6
+1 6
+1 6
+1 6
-3 51 0 0 1 0 0 1
+1 51
+1 51
+1 51
+1 66
+5 22
+6 22 22
+1 22 22
+8 22
+1 22 22
-16 149 0 0 1 0 0 1
+6 149 149
+1 149 149
+8 149
+1 149 149

fl=(22)
fn=(78) fillin_rpath
433 8 0 6 1 0 0 1
+2 1
-2 9 0 6 1 0 0 1
+5 1 0 1
cfi=(17)
cfn=(80)
calls=1 -84 
* 238 74 1 2 0 0 2
* 4
-66 3 0 1
cfi=(28)
cfn=(76)
calls=1 24 
* 23 3
* 2 0 0 1 0 0 1
+4 2 0 1
cfi=(29) /build/glibc-t3gR2i/glibc-2.23/string/strdup.c
cfn=(82) strdup
calls=1 40 
* 94 16 13 1 0 1 1 0 1
* 1
+68 2 0 1
cfi=(11)
cfn=(22)
calls=1 66 
* 16 2
+4 1
-4 1
+4 1
+22 15 5
+1 8 4 0 1 0 0 1
+55 2 0 1 1 0 0 1
+2 2 0 1
cob=(2)
cfi=(16)
cfn=(84)
calls=1 0 
* 7 4 1 1 0 0 1
* 2 2
-90 1 0 1
cfi=(17)
cfn=(80)
calls=1 -84 
* 6 3
* 3
+94 1 0 1
+3 9 7
-46 2 1 0 1 0 0 1
+4 2 1 0 1 0 0 1
-1 4 1 2
cfi=(17)
cfn=(40)
calls=1 94 
* 29 6 5
* 1 1
+3 1
-3 1
+3 2 1
+5 1
+1 2
-2 1 0 1 0 0 1 0 0 1
+2 1 0 1
cfi=(25)
cfn=(70)
calls=1 61 
* 31 5 4 0 0 1 0 0 1
+3 1 1 0 1 0 0 1
-3 1 0 1
+1 1 0 1
+2 1
+6 2 1
+1 1 1
-1 2
+1 13 0 0 1 0 0 1
+1 11 0 4 1 0 0 1
-1 2
+3 2 1 1 1 0 0 1
+1 3 1
+7 1 1
+1 1 0 1
-1 2 0 1
-67 6 1 0 1 0 0 1
+8 1 1 0 1 0 0 1
-3 3 0 1
+3 2
+26 2 0 1 1 0 0 1
-34 2 0 0 1 0 0 1
+65 2 0 1
-9 2 0 0 1 0 0 1

fn=(104)
2167 21 0 18 1 0 1 1 0 1
+8 3
-8 6 0 6 0 0 2 0 0 2
+8 3
+1 12 3 0 1 0 0 1
+3 42 9
+5 49 7 0 1 0 0 1
+2 21 0 7
cfi=(34)
cfn=(106)
calls=7 288 
* 980 164 31 13 1 1 13 1 1
* 14
+4 12 6
+1 18 6
+3 2 2
+2 8 4 2 1 0 0 1
cfi=(19)
cfn=(54)
calls=2 144 
* 68 13
* 4
2478 24 21
2213 10 4 2 1 0 0 1
+9 2 2 0 1 0 0 1
-53 2 0 2
+53 4
+36 4
-2 2 0 2
+2 2 0 2
cfi=(28)
cfn=(76)
calls=2 24 
* 46 6
* 4
2409 2
372 3 0 1 1 0 0 1
cfi=(28)
cfn=(76)
calls=1 24 
* 47 6 0 4 0 0 4
* 2
+4 2 0 1
cfi=(29)
cfn=(82)
calls=1 40 
* 128 22 16
2410 1
-3 1 0 1
+3 2
+4 9 0 2 1 0 0 1
cfn=(108) open_verify.constprop.7
calls=1 1695 
* 299 61 20 13 8 2 13 8 2
+3 1
-3 1
+3 3 2
+12 3
+46 1 1
+1 3
-1 1 0 1
+1 9 3 5 1 0 0 1
cfn=(114) _dl_map_object_from_fd
calls=1 871 
* 1444 306 187 53 11 23 53 11 23
-1 1 1
+1 3
-1 1 0 1
+1 9 3 5
cfn=(114)
calls=1 871 
* 1738 302 349 5 10 56 5 10 56
* 6
2262 2 0 1 1 0 0 1
cfi=(11)
cfn=(22)
calls=1 66 
* 16 2
* 1
+2 1 1
-2 1 0 1
+2 1
+7 4 1 0 1 0 0 1
+35 2 1
+1 14 1 4 1 0 0 1
cfn=(136) open_path
calls=1 2018 
* 777 189 120 16 0 3 16 0 3
+6 2
-6 1
+6 3 1
638 1 1
2314 1 0 0 1 0 0 1
638 2
2401 2 1 0 1 0 0 1
+28 3
+2 4 0 0 1 0 0 1
2275 1 1 0 1 0 0 1
+5 1
-5 1 0 1
+5 1
+3 2 0 1 1 0 0 1
-3 1 0 1
+3 7 0 2
-3 3 1 0 1 0 0 1
638 1 1 0 1 0 0 1
2281 1
638 2
2336 1 0 0 1 0 0 1
-14 1 0 1
+14 1 0 0 1 0 0 1
+2 3 1
+4 2 0 1
cfi=(42)
cfn=(140) _dl_load_cache_lookup
calls=1 185 
* 1328 216 78 23 14 1 23 14 1
+2 1
-2 1 0 1
+2 1
+4 2
+8 3 1
+23 10 1 2 1 0 0 1
cfn=(108)
calls=1 1695 
* 370 69 22 2 1 1 2 1 1
+4 1
-4 1
+4 3 2
+1 2 0 1
-89 3 2 0 1 0 0 1
+1 8 2 1
638 1 1
2297 1 0 0 1 0 0 1
638 2

fn=(114)
871 22 0 14 2 0 1 2 0 1
+10 2 2
-10 2 0 2 0 0 1 0 0 1
+10 2
-10 6 0 6
+10 2 0 2 0 0 1 0 0 1
cfi=(30)
cfn=(88)
calls=2 50 
* 16 6
fi=(35) /build/glibc-t3gR2i/glibc-2.23/elf/../sysdeps/posix/dl-fileid.h
37 6
fe=(22)
881 2 0 2
fi=(35)
37 2 0 2 1 0 0 1
cfi=(36)
cfn=(120)
calls=2 -3 
* 20 2 0 1 0 0 1
* 4
+4 2 2
fe=(22)
897 2
fi=(35)
40 2 2
+1 2 0 2
fe=(22)
897 29 11 0 1 0 0 1
+1 10 5
fi=(35)
49 12 6 0 0 1 0 0 1
fe=(22)
1443 16 14
915 4 2 0 1 0 0 1
+24 4 2
+10 4 2
+22 8 4 0 1 0 0 1
+32 4
882 2 0 2
1006 14 10 2
cfi=(15)
cfn=(32)
calls=2 61 
* 831 158 109 5 2 17 5 2 17
+1 2
-1 2 0 0 1 0 0 1
+1 2
+11 4 4
+1 2 2
-1 2 0 2 0 0 2 0 0 2
+2 2 2
-1 2 0 2
+4 2 2
-1 4
-2 2 0 2 1 0 0 1
+2 4
+1 6 2
+1 2
+19 2
-2 2 0 2
+10 2
-8 12 0 0 1 0 0 1
+8 2
-8 6 0 4
+8 2
+87 2 2
+8 2 0 2
-8 8 0 4 1 0 0 1
+8 2
-8 6 0 2
-86 32
-1 136
+1 95 17 0 2 0 0 2
+6 4 2 2
+1 6 2 2
+1 2
+9 20 8 0 1 0 0 1
+5 32 8 0 1 0 0 1
+9 12
-1 12
+1 4 0 4 0 0 2 0 0 2
+1 8 4
+2 4 4
-2 4
+1 4 0 4 1 0 2 1 0 2
-1 4
+3 4
+4 4
-7 4 0 4
+2 4 0 4
+1 4 0 4 0 0 1 0 0 1
+4 4
+1 12 6 2
+4 6 2
-14 2
+14 12 0 2
+11 2
-11 6 2 0 1 0 0 1
-14 2
+14 12 0 2
+11 2
-44 2 1 1
+1 1
+46 3 1 0 1 0 0 1
+4 1 0 1 0 0 1 0 0 1
+1 1 1
+1 1
-1 2 1 1
+1 1
+3 3 0 1 0 0 1 0 0 1
+1 1 1
+3 1 0 1
-3 1 0 1
+7 4 1
+6 1 0 1
cfi=(31)
cfn=(146)
calls=1 49 
* 8 3 1 1 0 0 1
* 2 1 1
+1 1
+59 4 2 2 1 0 0 1
+1 6 4 2
+1 2
-6 4 2 2 1 0 0 1
+1 2
+8 6 2
1019 2 2 0 1 0 0 1
1207 2
1019 2 0 2
1207 2
+10 6 4
fi=(37) /build/glibc-t3gR2i/glibc-2.23/elf/./dl-map-segments.h
56 4 2
fe=(22)
1217 6 4 0 1 0 0 1
fi=(37)
56 2 2
fe=(22)
1217 2
fi=(37)
56 2 0 2
fe=(22)
1217 4 0 2
fi=(37)
56 12 4 2 0 0 1 0 0 1
cfi=(26)
cfn=(72)
calls=2 -23 
* 70 16 12 0 0 1 0 0 1
+4 2 0 0 1 0 0 1
-4 2 0 2
+4 4 2
+3 4 2
+1 2
+2 2 2
-2 2 0 2
-1 2 0 2
+3 2
+10 4 2 2 1 0 0 1
fi=(39) /build/glibc-t3gR2i/glibc-2.23/elf/./dl-load.h
+14 8
+1 6 4 2
+2 8 4
fi=(37)
+7 16 8
+6 2 2
+2 2 2
-2 2
+1 2
+2 2
-1 2
+1 2
-1 6
+8 4
+17 4
+12 4 0 0 1 0 0 1
-59 20 4 0 1 0 0 1
+2 4 4
+2 2 2
-2 4
+2 20 6 4 1 0 0 1
cfi=(26)
cfn=(72)
calls=2 -57 
* 62 14 12
* 6 2
fe=(22)
1229 8 4 0 1 0 0 1
+9 4 2
fi=(3)
39 2
fe=(22)
1238 2 0 2
fi=(3)
39 2
+6 2 2 0 0 2 0 0 2
-2 2
+2 4 0 0 1 0 0 1
+15 2
+5 2
+3 2
-1 2
-3 2
-3 36 0 8 0 0 4 0 0 4
+10 8
-26 24 8 0 0 2 0 0 2
+16 35 0 35 0 0 7 0 0 7
+10 35
-26 105 35 0 0 9 0 0 9
+26 2
-26 6 2
+2 90 0 0 1 0 0 1
+13 40
+2 8
+3 8 0 0 1 0 0 1
+13 4
+20 7 2 1
+1 8 2 2
+1 8 2 2 1 0 0 1
+1 8 2 2
+2 8 2 2
+5 8 2 2
+1 7 2 1 0 1 0 0 1
+1 8 2 2 1 0 0 1
+6 6 2
+5 4 2
+7 4 2
+1 6 4 0 1 0 0 1
+16 6 2
+5 1 1
+2 1
-2 1 0 1
+2 1
+2 2
+2 2
+3 6 2 0 1 0 0 1
+10 1 1
-8 4 1 1
+8 1
+5 2
+3 4 2 0 1 0 0 1
fe=(22)
1245 4
+15 6 2 0 1 0 0 1
+19 4 2 2
+2 10 4
+54 6 2 0 1 1 0 1 1
+1 2 1 1
+3 2 1 1
cfi=(24)
cfn=(130)
calls=1 84 
* 5 1
* 2 1 1
cfi=(24)
cfn=(130)
calls=1 84 
* 5 1
* 4
+9 4 2
+2 6 4
+2 2 2 0 1 0 0 1
-2 2 0 2
+2 2
+16 4 0 2
cfi=(6)
cfn=(10)
calls=2 956 
* 46 14 12 0 3 0 0 3
+4 4 2
+1 4 2
+17 4 2 0 1 0 0 1
+9 2 2
-5 6 2 4
+5 2
+10 4 2 0 1 0 0 1
+10 6 2 2
cfi=(15)
cfn=(48)
calls=2 32 
* 82 23 22
+4 8 2
fi=(3)
68 8 0 0 1 0 0 1
+2 10 0 2
fe=(22)
1391 2 0 1
fi=(37)
119 4 0 0 1 0 0 1
+8 16 0 8 1 0 0 1
cfi=(27)
cfn=(74)
calls=2 -74 
* 283 2 150 1 0 37 1 0 37
* 8 6
-54 8 4 0 1 0 0 1
-1 12 4 2 1 0 0 1
cfi=(38)
cfn=(124)
calls=2 +12 
* 10 2 0 1 0 0 1
* 2
fi=(39)
+22 5 3 0 1 0 0 1
+1 11 3
+3 4 0 1 1 0 0 1
fi=(37)
+39 9 0 2 1 0 0 1
cfi=(26)
cfn=(72)
calls=1 33 
* 31 7 6
+3 3 1
fe=(22)
1233 2 1 0 1 0 0 1

fn=(64)
661 1 0 1 1 0 0 1
+13 2
-13 8 0 5 1 0 0 1
+13 3 2 1
cfi=(23)
cfn=(66)
calls=1 39 
* 398 67 62 26 2 5 26 2 5
+5 1
-5 1 0 1
+5 1 0 1
cfi=(17)
cfn=(40)
calls=1 94 
* 29 6 5
* 1 1
+1 1
-2 1 0 1
+2 2 0 0 1 0 0 1
+8 1 1
-1 1
+1 2 0 1
-1 1
+1 1 0 1
-1 3
+5 1
-5 1
+5 1 0 1 1 0 0 1
cfi=(17)
cfn=(40)
calls=1 94 
* 80 16 13 4 0 0 4
* 1 1
+2 1
-3 1 0 1
+3 1
+17 1
+12 1
-9 2
+6 1 1
-19 1 0 1
+10 1 0 1 0 0 1 0 0 1
+12 1
-11 1 0 1 1 0 0 1
+2 1 0 1
+1 4 0 1
-15 1 0 1
+23 4 0 2
-3 21 4 8 1 0 0 1
cfi=(27)
cfn=(74)
calls=4 53 
* 60 4 8 3 0 1 3 0 1
* 4 4
+3 27 3 3
-14 3 0 3
+2 3
+1 3 0 3 1 0 2 1 0 2
+2 6 0 3
-3 3 0 3
+4 9 3 3 0 1 1 0 1 1
+4 3 3 0 0 1 0 0 1
-3 3
+3 3
+1 3 3
-4 9 0 3
+4 3
+10 1 0 1 1 0 0 1
+4 1 1
-11 1 1
+6 1 0 1 0 0 1 0 0 1
+6 1
-12 1 0 1
+12 1
+2 4 1 0 1 0 0 1
+2 3 1
+38 5 1 0 1 0 0 1
+8 3 0 1
cfi=(28)
cfn=(76)
calls=1 24 
* 23 3 0 2 0 0 2
* 2 0 0 1 0 0 1
+2 2 0 1
cfi=(11)
cfn=(22)
calls=1 66 
* 16 2
* 8 0 1
cfi=(18)
cfn=(46)
calls=1 61 
* 31 5 4
* 1
+4 6 0 0 1 0 0 1
+17 1
-4 4 1
-13 52
+17 13
-4 53 13
+8 1 0 1
cfi=(17)
cfn=(40)
calls=1 94 
* 29 6 5
* 1 1
+1 1
-2 1 0 1
+2 1
+6 9 1 2 1 0 0 1
cfn=(78)
calls=1 433 
* 605 144 60 20 0 3 20 0 3
+4 5 4
+6 1 0 1
+4 8 7
-75 1 1 0 1 0 0 1
-2 1 0 1 1 0 0 1
+2 2
+14 2 0 1 1 0 0 1

fn=(108)
1695 66 6 36 1 0 1 1 0 1
+39 6
-39 18 0 18 0 0 2 0 0 2
+39 22 6
+31 24 0 6 1 0 0 1
cfi=(24)
cfn=(110)
calls=6 84 
* 46 6 4 1 0 0 1
+2 6
-2 6 0 6
+2 8
+10 2 0 2
+1 4 0 2 0 0 2 0 0 2
+5 16 4 4 1 0 0 1
cfi=(24)
cfn=(112)
calls=2 84 
* 10 2
+2 4
+2 2 2
+2 2
-2 4 0 2
+2 2
+6 4
+16 8 2 2 1 0 0 1
cfi=(14)
cfn=(30)
calls=2 24 
* 57 6 0 0 1 0 0 1
* 18 2 2
cfi=(14)
cfn=(30)
calls=2 24 
* 72 14
* 4 0 0 1 0 0 1
+74 4 2
+5 4 2
+2 8 2
+6 4
+11 4 2
+6 2 2 0 1 1 0 1 1
+1 2 2
-1 8
+1 2
-1 2
+1 4
+1 6 2 2
+20 106 12 0 1 0 0 1
+2 36 17 0 1 5 0 1 5
+4 8 4
+1 6 2
+12 14 4
+4 6
+5 1
+1 1
-13 4 0 1
cfi=(14)
cfn=(30)
calls=1 24 
* 25 3
* 8 0 2 1 0 0 1
cfi=(14)
cfn=(30)
calls=2 24 
* 60 10 0 0 1 0 0 1
* 6
+16 2
+3 7 3
+3 3 1
+1 5 1
-39 2 2 0 1 0 0 1
+67 20 14 0 1 0 0 1
-23 4 0 0 1 0 0 1
+23 28 28
1804 2 1 0 2 0 0 2
+7 4 1 1 1 0 0 1
cfi=(14)
cfn=(30)
calls=1 24 
* 24 3 0 0 1 0 0 1
* 2 0 0 1 0 0 1

fn=(136)
2018 8 0 6 1 0 0 1
+1 1 1
+6 1
-6 1 0 1
+6 1
+5 9 2 6 1 0 1 1 0 1
+52 1
-59 1 0 1
-1 1 0 1
+60 1 0 1 1 0 0 1
-52 8 0 1
+74 4 1 1
-62 1 1 0 1 0 0 1
-9 1 1
+9 1
+7 4 2 1
cfi=(25)
cfn=(70)
calls=1 61 
* 31 5 4
+1 1 1
-1 1 0 1
+1 5 0 0 1 0 0 1
+20 8
-20 15
+3 8 4 0 1 0 0 1
+5 8 4
-1 4 4
+1 8
-1 12 8 4 1 0 0 1
cfi=(25)
cfn=(70)
calls=4 61 
* 85 11 7
* 16 8 4
cfi=(25)
cfn=(70)
calls=4 61 
* 92 12 8
-1 4
+7 4 4
-7 4
+7 4
+3 36 20 8 1 0 0 1
cfn=(108)
calls=4 1695 
* 176 40 48 2 0 2 2 0 2
* 4
+2 20 12
+67 7 1 0 1 0 0 1
+7 1 0 1 1 0 0 1
-2 1 0 1
+2 3 2
+3 3 1
+14 1
-27 1
+27 7 7
-84 8 4 0 1 0 0 1
+1 36 16
+6 4 4
+2 4 4
-2 4 0 0 1 0 0 1
+2 8
-2 4 0 4
+2 4 0 4
cfi=(41)
cfn=(138)
calls=4 34 
* 49 4 3 1 0 0 1
* 8
+1 1 1
+2 1
-2 1
+2 7 0 1
+7 3 1
-7 3 0 3
+7 9 3
-30 3 0 0 1 0 0 1
+23 6

fl=(29)
fn=(82)
40 12 0 6
+1 3 0 3
cfi=(11)
cfn=(22)
calls=3 +25 
* 84 12
* 3 0 0 1 0 0 1
+1 6 0 3
cfi=(17)
cfn=(40)
calls=3 +52 
* 87 18 15
* 3 3
+2 6
+4 3
-1 6
+1 6 6
-1 6
cfi=(18)
cfn=(46)
calls=3 +14 
* 106 19 16 0 0 2 0 0 2

fl=(42)
fn=(204)
322 4 1 0 2 1 0 2
-1 1
+3 2 1 1
cfi=(38)
cfn=(206)
calls=1 84 
* 5 1 0 1 0 0 1
+1 1 0 1
+2 2 1

fn=(140)
185 9 0 6 2 0 0 2
+8 2 1
+3 3 1
+51 2 0 0 1 0 0 1
+9 1
+6 2
-6 4 0 2
+6 1 0 1
cfi=(24)
cfn=(68)
calls=1 84 
* 9 1 1
+19 1 1
-19 1 0 1
+19 62 9 8 2 4 0 2 4
cfn=(144) _dl_cache_libcmp
calls=4 138 
* 315 48 0 3 4 0 3 4
* 19 2
-15 4 2 2 1 0 0 1
+15 37 7 4 0 1 0 0 1
cfn=(144)
calls=2 138 
* 215 32 0 0 1 0 0 1
* 5 0 2 1 0 0 1
cfn=(144)
calls=1 138 
* 144 21 0 0 1 0 0 1
* 11 3 1 1 0 0 1
-82 4 0 1 1 0 0 1
cfi=(34)
cfn=(142)
calls=1 45 
* 94 16 15 3 0 0 3
+8 1
-8 1
+8 4 1 0 1 0 0 1
+1 4 0 1
cfi=(14)
cfn=(30)
calls=1 24 
* 38 7 0 0 2 0 0 2
* 2
+7 1 1
-3 1 0 1
+3 3 0 0 1 0 0 1
+3 1
+1 2
-1 1 0 1
+1 1
+1 4 0 1
cfi=(14)
cfn=(30)
calls=1 24 
* 32 5 0 0 1 0 0 1
* 2
+61 21 8 1 2 0 0 2
+16 2 1 0 1 0 0 1
+4 2 1
+8 3 1 1
cfi=(11)
cfn=(22)
calls=1 66 
* 34 5
* 2
+1 1
-1 4
+1 2 0 1 1 0 0 1
cfi=(18)
cfn=(46)
calls=1 61 
* 86 12 11
+1 2 0 1
cfi=(29)
cfn=(82)
calls=1 40 
* 109 20 14 0 0 1 0 0 1
+1 8 7
-31 9 3 1 2 0 0 2

fn=(144)
138 21 14 0 1 6 0 1 6
+1 20
+2 88
+2 44
-2 44
+2 6
+6 3
+2 3 3
-1 3
-1 3
+1 3 0 0 1 0 0 1
+1 12
+2 15 3
+2 6
+6 82 0 0 1 0 0 1
+2 156 74
+4 37
+1 37
-29 74
+32 9 3
-7 8 4

fl=(86)
fn=(350)
182 5 1 0 1 0 0 1
+1 4 1 0 1 1 0 1 1
+1 12 6 0 0 2 0 0 2
+1 2 1
+3 2 1 0 1 0 0 1
+4 1 1
-9 6 2 0 1 0 0 1

fl=(28)
fn=(76)
24 7 0 0 1 0 0 1
+1 7
+1 7
+1 7
+1 7
+1 7
+1 7
+1 7
+1 7 7 0 0 2 0 0 2
+1 7
+1 7
+1 7 0 0 1 0 0 1
+1 7
+1 7
+1 7
+1 7
+1 7
+1 5
+4 5
+1 5
+1 5 5
+1 5
+2 5 5
+4 2 2 0 0 1 0 0 1
+1 2
+1 2
+1 2
+1 2
+1 2 0 0 1 0 0 1
+1 2 2
+1 2
+1 2
+1 2
+1 2
+1 2
+1 2
+1 2 2
+1 2
+1 2
+1 2
+1 2
+1 2
+1 2
+1 2
+1 2 0 0 1 0 0 1
+1 2
+1 2
+52 2 0 0 1 0 0 1
+4 2
+1 2
+1 2 2
+1 2 0 0 1 0 0 1
+2 2 2

ob=(5)
fl=(72)
fn=(302) init_mat_bad
18 5 0 3
+2 2 0 1
+1 10000 0 5000
+1 150000000 50000000 25000000
cob=(3)
cfi=(73)
cfn=(298)
calls=25000000 288 
* 1074193548 300000000 175000000
* 25000000 25000000
* 100000000 25000000 25000000 0 0 25000000 0 0 1565000
-1 75010000 25005000 25000000
-1 15002 5001 5000 1 0 0 1
+5 5 3 0 0 1 0 0 1

fn=(290)
49 2 0 1 1 0 0 1
+2 2 0 1
cfn=(292) init_mat_good
calls=1 -42 
* 1424229424 425010250 250010111 7 11 1562503 7 7 1562502
+1 2 0 1
cfn=(302)
calls=1 -34 
* 1424228562 425010004 250010004 1 1 25000000 1 1 1565000
+2 4 0 1
cfn=(304) extract_row
calls=1 -21 
* 85012 35003 10005 2 5001 313 2 5000 313
+1 4 0 1
cfn=(306) extract_column
calls=1 -29 
* 85012 35003 10005 1 314 313 1 291 313
+2 3 0 1
cfn=(308) mult_vect
calls=1 -16 
* 85012 35004 10005 1 627 0 1
* 4 0 1
cob=(1)
cfi=(65)
cfn=(259)
calls=1 +7 
* 61632 14947 798 175 1244 90 174 1214 83
* 5 3 2 0 1 0 0 1
* 1
+2 2 2

fn=(292)
9 5 0 3
+2 2 0 1
+1 10000 0 5000
+1 150000000 50000000 25000000
cob=(3)
cfi=(73)
cfn=(298)
calls=24999999 288 
* 1074193506 299999988 174999993 0 2 0 0 2
cob=(1)
cfi=(65)
cfn=(259)
calls=1 +51 
* 900 256 112 5 8 2 5 4 1
* 25000004 25000002 2
* 100000000 25000000 25000000 0 0 1562501 0 0 1562501
-1 75010000 25005000 25000000
-1 15002 5001 5000 2 0 0 2
+5 5 3 0 0 1 0 0 1

fn=(304)
33 5 0 4 1 0 0 1
+3 2 0 1
+1 70000 30000 5000 0 5000 313 0 5000 313
-1 15002 5001 5000 1 0 0 1
+3 3 2 0 0 1

fn=(308)
41 4 0 3
+1 1 0 1
+3 2 0 1
+1 70000 30000 5000 0 626
-1 15002 5001 5000 1 0 0 1
+2 1 1
+1 2 2 0 0 1

fn=(306)
26 5 0 4
+3 2 0 1 1 0 0 1
+1 70000 30000 5000 0 313 313 0 291 313
-1 15002 5001 5000
+3 3 2 0 0 1

fl=(64)
fn=(276) 0x0000000000400540
0 16 3 1 3 0 0 3

fn=(388)
0 5 1 2 0 1 0 0 1
cfn=(392) 0x00000000004004a0
calls=1 0 
0 8 2 1
0 3 2 1

fn=(270)
0 15 0 7 2 0 0 2
cob=(2)
cfi=(16)
cfn=(272)
calls=1 0 
0 6 2
0 8 1 1 0 1
cfn=(276)
calls=1 0 
0 16 3 1 3 0 0 3
0 11 7 0 1 0 0 1

fn=(250)
0 11 1 3 2 0 0 2
cob=(1)
cfi=(65)
cfn=(258)
calls=1 64 
0 2848776757 850140768 500051239 284 7251 26563231 282 6547 3128216
0 5 3 2 1 0 0 1

fn=(392)
0 8 2 1

totals: 2848866979 850164071 500061802 956 8426 26563719 947 7577 3128680
