src/client.c: In function ‘main’:
src/client.c:47:21: warning: ignoring return value of ‘fgets’, declared with attribute warn_unused_result [-Wunused-result]
                     fgets(buffer, CHAR_BUFFER_SIZE, stdin);
                     ^
src/client.c:62:21: warning: ignoring return value of ‘fgets’, declared with attribute warn_unused_result [-Wunused-result]
                     fgets(buffer, CHAR_BUFFER_SIZE, stdin);
                     ^
src/client.c:72:21: warning: ignoring return value of ‘fgets’, declared with attribute warn_unused_result [-Wunused-result]
                     fgets(buffer, CHAR_BUFFER_SIZE, stdin);
                     ^
src/client.c:82:21: warning: ignoring return value of ‘fgets’, declared with attribute warn_unused_result [-Wunused-result]
                     fgets(buffer, CHAR_BUFFER_SIZE, stdin);
                     ^
src/client.c:92:21: warning: ignoring return value of ‘fgets’, declared with attribute warn_unused_result [-Wunused-result]
                     fgets(buffer, CHAR_BUFFER_SIZE, stdin);
                     ^
src/client_functions.c: In function ‘getGatewayIPv4’:
src/client_functions.c:45:13: warning: ignoring return value of ‘fgets’, declared with attribute warn_unused_result [-Wunused-result]
             fgets(buffer, 100, stdin);
             ^
src/client_functions.c: In function ‘getGatewayPort’:
src/client_functions.c:82:13: warning: ignoring return value of ‘fgets’, declared with attribute warn_unused_result [-Wunused-result]
             fgets(char_buffer, sizeof(char_buffer), stdin);
             ^
src/client_functions.c: In function ‘showMenu’:
src/client_functions.c:114:9: warning: ignoring return value of ‘fgets’, declared with attribute warn_unused_result [-Wunused-result]
         fgets(char_buffer, sizeof(char_buffer), stdin);
         ^
src/gallery_api.c: In function ‘gallery_add_keyword’:
src/gallery_api.c:225:29: warning: unused parameter ‘peer_socket’ [-Wunused-parameter]
 int gallery_add_keyword(int peer_socket, uint32_t id_photo, char* keyword)
                             ^
src/gallery_api.c:225:51: warning: unused parameter ‘id_photo’ [-Wunused-parameter]
 int gallery_add_keyword(int peer_socket, uint32_t id_photo, char* keyword)
                                                   ^
src/gallery_api.c:225:67: warning: unused parameter ‘keyword’ [-Wunused-parameter]
 int gallery_add_keyword(int peer_socket, uint32_t id_photo, char* keyword)
                                                                   ^
src/gallery_api.c: In function ‘gallery_add_photo’:
src/gallery_api.c:158:9: warning: ignoring return value of ‘fgets’, declared with attribute warn_unused_result [-Wunused-result]
         fgets(id_buffer, sizeof(id_buffer), fp_id);
         ^
src/gallery_api.c:187:9: warning: ignoring return value of ‘fread’, declared with attribute warn_unused_result [-Wunused-result]
         fread(file_buffer, 1, file_size, fp);
         ^
src/gallery_api.c: In function ‘gallery_add_keyword’:
src/gallery_api.c:228:1: warning: control reaches end of non-void function [-Wreturn-type]
 }
 ^
