src/gateway_functions.c: In function ‘getGatewayPort’:
src/gateway_functions.c:35:13: warning: ignoring return value of ‘fgets’, declared with attribute warn_unused_result [-Wunused-result]
             fgets(char_buffer, sizeof(char_buffer), stdin);
             ^
src/gateway_threads.c: In function ‘masterPeerRecvThread’:
src/gateway_threads.c:59:9: warning: variable ‘ret_val_send_to’ set but not used [-Wunused-but-set-variable]
     int ret_val_send_to = 0;
         ^
src/gateway_threads.c:58:9: warning: variable ‘ret_val_recvfrom’ set but not used [-Wunused-but-set-variable]
     int ret_val_recvfrom = 0;
         ^
src/gateway_threads.c: In function ‘clientRecvThread’:
src/gateway_threads.c:125:23: warning: variable ‘low_list_node’ set but not used [-Wunused-but-set-variable]
     SinglyLinkedList* low_list_node = NULL;
                       ^
src/gateway_threads.c:112:9: warning: variable ‘ret_val_send_to’ set but not used [-Wunused-but-set-variable]
     int ret_val_send_to = 0;
         ^
src/gateway_threads.c: In function ‘masterClientRecvThread’:
src/gateway_threads.c:218:9: warning: variable ‘ret_val_send_to’ set but not used [-Wunused-but-set-variable]
     int ret_val_send_to = 0;
         ^
src/gateway_threads.c:217:9: warning: variable ‘ret_val_recvfrom’ set but not used [-Wunused-but-set-variable]
     int ret_val_recvfrom = 0;
         ^
