src/peer.c: In function ‘main’:
src/peer.c:16:9: warning: variable ‘ret_val_phtread_create’ set but not used [-Wunused-but-set-variable]
     int ret_val_phtread_create = 0;
         ^
src/peer_functions.c: In function ‘gatewayConnect’:
src/peer_functions.c:65:9: warning: variable ‘ret_val_send_to’ set but not used [-Wunused-but-set-variable]
     int ret_val_send_to = 0;
         ^
src/peer_functions.c: In function ‘getGatewayIPv4’:
src/peer_functions.c:112:13: warning: ignoring return value of ‘fgets’, declared with attribute warn_unused_result [-Wunused-result]
             fgets(buffer, 100, stdin);
             ^
src/peer_functions.c: In function ‘getGatewayPort’:
src/peer_functions.c:149:13: warning: ignoring return value of ‘fgets’, declared with attribute warn_unused_result [-Wunused-result]
             fgets(char_buffer, sizeof(char_buffer), stdin);
             ^
src/peer_threads.c: In function ‘pingerThread’:
src/peer_threads.c:7:9: warning: variable ‘ret_val_recvfrom’ set but not used [-Wunused-but-set-variable]
     int ret_val_recvfrom = 0;
         ^
src/peer_threads.c:6:9: warning: variable ‘ret_val_send_to’ set but not used [-Wunused-but-set-variable]
     int ret_val_send_to = 0;
         ^
src/peer_threads.c: In function ‘clientHandlerThread’:
src/peer_threads.c:36:9: warning: variable ‘ret_val_recv_from’ set but not used [-Wunused-but-set-variable]
     int ret_val_recv_from = 0;
         ^
